gvxrStatus:	Create window 0
gvxrStatus:	Create window 
EGL version: 1.5
OpenGL version supported by this platform 4.5.0 NVIDIA 460.27.04
INIT RENDER
Use OpenGL 4.5.
RECONSTRUCTION: 11.891026973724365
(4_w,8)-aCMA-ES (mu_w=2.6,w_1=52%) in dimension 5 (seed=933553, Wed Jan 27 19:57:44 2021)
Iterat #Fevals   function value  axis ratio  sigma  min&max std  t[m:s]
    1      8 6.073625978043743e-01 1.0e+00 4.75e-01  4e-01  5e-01 0:05.2
    2     16 9.979550455635966e-01 1.3e+00 4.79e-01  5e-01  5e-01 0:09.1
    3     24 8.859480060786240e-01 1.4e+00 4.16e-01  4e-01  5e-01 0:13.0
    4     32 9.089654837791705e-01 1.4e+00 4.03e-01  3e-01  5e-01 0:17.0
    6     48 4.849545024562923e-01 1.5e+00 4.87e-01  4e-01  5e-01 0:24.8
    8     64 7.979058312276953e-01 1.8e+00 5.28e-01  5e-01  6e-01 0:32.7
   10     80 9.411382623041020e-01 2.1e+00 6.37e-01  5e-01  9e-01 0:40.6
   12     96 7.012609184319110e-01 2.3e+00 6.34e-01  5e-01  9e-01 0:48.4
   15    120 6.033449850329873e-01 2.3e+00 4.94e-01  3e-01  6e-01 1:00.3
   18    144 8.716183039482026e-01 3.2e+00 6.55e-01  4e-01  9e-01 1:12.0
   21    168 9.624993750358373e-01 3.1e+00 5.61e-01  3e-01  8e-01 1:23.8
   24    192 8.020996268193867e-01 3.5e+00 5.07e-01  3e-01  8e-01 1:35.6
   28    224 6.009204359520307e-01 4.6e+00 3.80e-01  1e-01  5e-01 1:51.4
   32    256 5.701488742435701e-01 4.9e+00 2.45e-01  9e-02  3e-01 2:07.2
   36    288 3.774896348022582e-01 4.5e+00 1.86e-01  6e-02  2e-01 2:23.1
   40    320 3.473578253309009e-01 4.1e+00 1.36e-01  4e-02  1e-01 2:38.9
   45    360 2.613875667672387e-01 3.9e+00 7.79e-02  2e-02  6e-02 2:58.6
   50    400 2.447694275758317e-01 3.4e+00 6.51e-02  2e-02  5e-02 3:18.4
   55    440 2.062261091776608e-01 3.5e+00 4.14e-02  1e-02  3e-02 3:38.3
   60    480 1.977467611478599e-01 3.6e+00 2.24e-02  5e-03  1e-02 3:58.2
   66    528 1.899391156555740e-01 4.0e+00 1.35e-02  2e-03  7e-03 4:22.0
   72    576 1.867081168336220e-01 4.7e+00 1.36e-02  2e-03  9e-03 4:45.8
   78    624 1.847865475575718e-01 6.0e+00 1.16e-02  2e-03  8e-03 5:09.6
   84    672 1.841419269802133e-01 6.0e+00 5.51e-03  6e-04  3e-03 5:33.4
   91    728 1.840040704517766e-01 6.4e+00 2.72e-03  2e-04  1e-03 6:01.0
   93    744 1.840092007221200e-01 7.3e+00 2.07e-03  2e-04  1e-03 6:08.9
CUBE 371.3259527683258
Threshold: 139.0
(3_w,6)-aCMA-ES (mu_w=2.0,w_1=63%) in dimension 2 (seed=893359, Wed Jan 27 20:04:08 2021)
Iterat #Fevals   function value  axis ratio  sigma  min&max std  t[m:s]
    1      6 2.449922518918691e-01 1.0e+00 1.10e+00  1e+00  1e+00 0:09.9
    2     12 1.648777056669199e-01 1.4e+00 9.82e-01  8e-01  1e+00 0:19.7
    3     18 1.862624830249127e-01 1.4e+00 8.52e-01  7e-01  9e-01 0:29.6
    4     24 1.656614628937455e-01 1.4e+00 9.15e-01  7e-01  1e+00 0:39.3
    5     30 1.624347739804904e-01 1.4e+00 9.21e-01  7e-01  1e+00 0:49.1
    6     36 2.609437327836217e-01 1.4e+00 9.15e-01  7e-01  9e-01 0:58.9
    7     42 2.598595424658496e-01 1.3e+00 8.14e-01  5e-01  8e-01 1:08.7
    8     48 3.168066900922147e-01 1.5e+00 1.08e+00  8e-01  1e+00 1:18.5
    9     54 3.076084491690815e-01 1.5e+00 1.30e+00  1e+00  1e+00 1:28.3
   10     60 1.945189323006965e-01 1.7e+00 1.85e+00  2e+00  2e+00 1:38.2
   11     66 2.442171243645432e-01 2.6e+00 1.76e+00  2e+00  2e+00 1:48.5
   13     78 3.035342641084114e-01 2.8e+00 2.88e+00  3e+00  5e+00 2:09.3
   15     90 2.532323234665780e-01 4.1e+00 4.42e+00  6e+00  8e+00 2:30.1
   17    102 2.884527179232908e-01 3.8e+00 4.86e+00  7e+00  7e+00 2:50.8
   19    114 2.956486921802974e-01 5.1e+00 7.09e+00  1e+01  2e+01 3:11.6
   21    126 1.026250850599370e-01 5.4e+00 1.55e+01  2e+01  3e+01 3:32.7
   23    138 1.806657781688606e-01 6.8e+00 2.02e+01  4e+01  5e+01 3:53.4
   25    150 1.990544222795401e-01 5.3e+00 1.71e+01  3e+01  4e+01 4:14.2
   27    162 1.318170186999139e-01 4.8e+00 1.20e+01  2e+01  2e+01 4:34.8
   29    174 1.369620847719707e-01 5.7e+00 1.20e+01  2e+01  2e+01 4:55.7
   31    186 1.274368328674657e-01 5.8e+00 9.96e+00  1e+01  2e+01 5:16.6
   33    198 1.257476947749482e-01 4.8e+00 1.06e+01  1e+01  2e+01 5:37.6
   36    216 1.254157773414218e-01 4.7e+00 1.16e+01  1e+01  1e+01 6:09.0
   39    234 1.330885284012065e-01 4.6e+00 1.06e+01  1e+01  1e+01 6:40.6
   42    252 1.248972263839160e-01 3.4e+00 7.41e+00  6e+00  6e+00 7:12.2
   45    270 1.261110649197307e-01 3.6e+00 4.94e+00  2e+00  3e+00 7:43.8
   48    288 1.373942429427418e-01 4.3e+00 3.31e+00  2e+00  2e+00 8:15.2
   51    306 1.303604090113669e-01 6.5e+00 2.09e+00  8e-01  1e+00 8:46.7
   54    324 1.264653695791284e-01 7.3e+00 1.19e+00  4e-01  5e-01 9:18.4
   57    342 1.256179977233184e-01 7.2e+00 8.30e-01  2e-01  2e-01 9:50.0
   60    360 1.260252588668643e-01 2.8e+00 1.24e+00  2e-01  2e-01 10:21.6
   63    378 1.256638594457282e-01 2.9e+00 5.75e-01  6e-02  6e-02 10:53.1
   67    402 1.256496964011119e-01 1.7e+00 8.24e-01  4e-02  1e-01 11:34.6
   71    426 1.255866013257739e-01 4.2e+00 4.72e-01  1e-02  5e-02 12:16.2
   75    450 1.255025460844460e-01 7.8e+00 7.09e-01  1e-02  1e-01 12:58.0
   79    474 1.253954736855945e-01 1.9e+01 9.03e-01  1e-02  2e-01 13:39.9
   82    492 1.251755753650018e-01 3.7e+01 1.33e+00  2e-02  4e-01 14:11.6
FIBRES 852.6255712509155
Matrix params: [-0.03248715 -0.01176411 -0.24748537  0.24172978  0.22688468]
Matrix CT ZNCC: 0.4401263363609038
Radii: 7.486789110704997 52.06601415216544
Fibres CT ZNCC: 0.8302621742713842
gvxrStatus:	Quit and destroy all the windows
gvxrStatus:	Destroy all the windows
gvxrStatus:	Destroy window 0(0x2eaac80)
