gvxrStatus:	Create window 0
gvxrStatus:	Create window 
EGL version: 1.5
OpenGL version supported by this platform 4.5.0 NVIDIA 460.27.04
INIT RENDER
Use OpenGL 4.5.
RECONSTRUCTION: 11.174395561218262
(4_w,8)-aCMA-ES (mu_w=2.6,w_1=52%) in dimension 5 (seed=942889, Thu Jan 28 13:04:20 2021)
Iterat #Fevals   function value  axis ratio  sigma  min&max std  t[m:s]
    1      8 9.992128407509991e-01 1.0e+00 5.16e-01  5e-01  6e-01 0:05.2
    2     16 9.979522666849413e-01 1.3e+00 5.86e-01  5e-01  7e-01 0:09.0
    3     24 6.788078084361012e-01 1.5e+00 6.07e-01  5e-01  7e-01 0:12.9
    4     32 9.023874486645760e-01 1.7e+00 5.80e-01  5e-01  7e-01 0:16.8
    6     48 9.268630205454341e-01 1.7e+00 5.49e-01  5e-01  7e-01 0:24.5
    8     64 8.785719831785704e-01 1.6e+00 4.62e-01  3e-01  5e-01 0:32.1
   10     80 9.532449085268105e-01 1.8e+00 4.10e-01  3e-01  5e-01 0:39.9
   12     96 8.115492570959071e-01 2.1e+00 3.70e-01  3e-01  4e-01 0:47.6
   15    120 9.645221297044539e-01 2.6e+00 3.00e-01  2e-01  3e-01 0:59.1
   18    144 6.681831066165619e-01 2.3e+00 1.92e-01  1e-01  2e-01 1:10.7
   21    168 6.327795472053451e-01 2.5e+00 1.91e-01  1e-01  2e-01 1:22.3
   24    192 4.458160185559910e-01 2.8e+00 1.86e-01  8e-02  2e-01 1:33.9
   28    224 3.744328391734416e-01 2.9e+00 1.63e-01  6e-02  2e-01 1:49.5
   32    256 2.686739546824513e-01 3.2e+00 1.22e-01  4e-02  1e-01 2:05.0
   36    288 4.029703112178141e-01 4.0e+00 1.06e-01  3e-02  1e-01 2:20.5
   40    320 2.368702094722932e-01 5.1e+00 7.43e-02  2e-02  6e-02 2:36.0
   45    360 2.701026807004499e-01 4.0e+00 8.25e-02  2e-02  6e-02 2:55.4
   50    400 2.297045224522372e-01 3.5e+00 4.43e-02  9e-03  3e-02 3:14.9
   55    440 1.911933933607788e-01 2.6e+00 3.17e-02  6e-03  2e-02 3:34.4
   60    480 1.878994071975458e-01 3.5e+00 2.46e-02  4e-03  1e-02 3:53.7
   66    528 1.866875675073513e-01 3.7e+00 1.37e-02  2e-03  7e-03 4:17.2
   72    576 1.844580179725862e-01 3.7e+00 1.03e-02  1e-03  5e-03 4:40.5
   78    624 1.841772224160467e-01 5.2e+00 6.83e-03  7e-04  3e-03 5:03.7
   84    672 1.840539675822434e-01 6.4e+00 3.78e-03  3e-04  2e-03 5:27.1
   90    720 1.840155106670898e-01 7.4e+00 2.16e-03  1e-04  8e-04 5:50.5
CUBE 351.38342571258545
Threshold: 139.0
(3_w,6)-aCMA-ES (mu_w=2.0,w_1=63%) in dimension 2 (seed=1026460, Thu Jan 28 13:10:23 2021)
Iterat #Fevals   function value  axis ratio  sigma  min&max std  t[m:s]
    1      6 1.961417469664980e-01 1.0e+00 6.86e-01  6e-01  6e-01 0:09.6
    2     12 1.944856098111911e-01 1.1e+00 6.00e-01  5e-01  5e-01 0:19.1
    3     18 1.618584444004292e-01 1.0e+00 4.91e-01  3e-01  4e-01 0:28.6
    4     24 1.624867550449814e-01 1.3e+00 4.78e-01  3e-01  4e-01 0:38.1
    5     30 1.726783441551088e-01 1.3e+00 3.77e-01  2e-01  2e-01 0:47.6
    6     36 1.822428853545945e-01 1.2e+00 4.38e-01  3e-01  3e-01 0:57.0
    7     42 1.859834722451234e-01 1.2e+00 4.20e-01  2e-01  3e-01 1:06.5
    8     48 2.409117096137291e-01 1.5e+00 3.21e-01  1e-01  2e-01 1:16.0
    9     54 1.754536595777465e-01 1.6e+00 2.37e-01  9e-02  1e-01 1:25.5
   10     60 1.998091581541480e-01 1.7e+00 2.35e-01  7e-02  1e-01 1:35.0
   12     72 1.632494541186078e-01 2.2e+00 1.37e-01  3e-02  8e-02 1:54.0
   14     84 1.595302785121103e-01 3.0e+00 1.06e-01  2e-02  6e-02 2:13.0
   16     96 1.592033344467302e-01 4.3e+00 7.00e-02  7e-03  4e-02 2:31.9
   18    108 1.593219560295003e-01 6.2e+00 3.93e-02  3e-03  2e-02 2:50.8
   20    120 1.591950643718684e-01 7.5e+00 3.31e-02  2e-03  2e-02 3:09.8
   22    132 1.590921561560985e-01 1.0e+01 3.54e-02  2e-03  2e-02 3:28.7
   24    144 1.590087649229670e-01 1.4e+01 4.22e-02  1e-03  2e-02 3:47.8
   26    156 1.587448104646903e-01 1.9e+01 4.98e-02  1e-03  3e-02 4:06.8
   28    168 1.580845616265083e-01 2.1e+01 1.16e-01  3e-03  7e-02 4:25.7
   31    186 1.585740704185052e-01 2.3e+01 2.87e-01  9e-03  2e-01 4:54.1
   34    204 1.546684312885615e-01 2.8e+01 6.37e-01  1e-02  4e-01 5:22.5
   37    222 1.456994079668629e-01 4.8e+01 1.72e+00  3e-02  1e+00 5:51.0
   40    240 1.348730273627661e-01 8.3e+01 1.73e+00  2e-02  2e+00 6:19.4
   43    258 1.045495431438644e-01 1.1e+02 9.08e+00  8e-02  9e+00 6:47.8
   46    276 1.045141168576195e-01 1.3e+02 8.01e+00  5e-02  6e+00 7:16.3
   49    294 1.022437943589261e-01 1.5e+02 4.72e+00  2e-02  3e+00 7:45.0
   52    312 1.027478183726046e-01 1.5e+02 2.45e+00  8e-03  1e+00 8:13.5
   55    330 1.023029277065876e-01 2.5e+02 1.29e+00  3e-03  5e-01 8:41.9
   58    348 1.022477811541737e-01 3.4e+02 1.00e+00  2e-03  4e-01 9:10.3
   62    372 1.022396395510696e-01 3.6e+02 5.59e-01  7e-04  1e-01 9:48.4
   66    396 1.022395921799561e-01 5.4e+02 3.70e-01  5e-04  1e-01 10:26.4
   67    402 1.022393660342922e-01 7.2e+02 2.93e-01  3e-04  7e-02 10:35.8
FIBRES 636.5798497200012
Matrix params: [-0.03276737 -0.01231987 -0.24782312  0.24132907  0.22724113]
Matrix CT ZNCC: 0.4399321530959825
Radii: 7.710463496836982 49.287714736603306
Fibres CT ZNCC: 0.8256951337330147
gvxrStatus:	Quit and destroy all the windows
gvxrStatus:	Destroy all the windows
gvxrStatus:	Destroy window 0(0x283c810)
