gvxrStatus:	Create window 0
gvxrStatus:	Create window 
EGL version: 1.5
OpenGL version supported by this platform 4.5.0 NVIDIA 460.27.04
INIT RENDER
Use OpenGL 4.5.
RECONSTRUCTION: 10.633817911148071
(4_w,8)-aCMA-ES (mu_w=2.6,w_1=52%) in dimension 5 (seed=1129391, Wed Feb 10 12:56:59 2021)
Iterat #Fevals   function value  axis ratio  sigma  min&max std  t[m:s]
    1      8 4.252448429347678e+03 1.0e+00 4.38e-01  4e-01  5e-01 0:05.1
    2     16 2.897090662094002e+03 1.2e+00 3.78e-01  3e-01  4e-01 0:08.9
    3     24 2.858700959366841e+03 1.3e+00 3.29e-01  3e-01  3e-01 0:12.7
    4     32 1.969377249220459e+03 1.4e+00 2.91e-01  2e-01  3e-01 0:16.5
    6     48 2.905533205502677e+03 1.3e+00 2.53e-01  2e-01  2e-01 0:24.1
    8     64 2.482499009992762e+03 1.4e+00 1.67e-01  1e-01  2e-01 0:31.7
   10     80 1.616145963891302e+03 1.5e+00 1.43e-01  9e-02  1e-01 0:39.3
   12     96 1.409684121201446e+03 1.9e+00 1.22e-01  7e-02  1e-01 0:46.9
   15    120 1.357612702363223e+03 2.5e+00 1.12e-01  5e-02  1e-01 0:58.3
   18    144 1.273130805815209e+03 3.0e+00 7.97e-02  3e-02  8e-02 1:09.8
   21    168 1.199499088726833e+03 3.6e+00 5.53e-02  2e-02  6e-02 1:21.2
   24    192 1.195000273551883e+03 4.0e+00 4.06e-02  1e-02  4e-02 1:32.6
   28    224 1.175412989871396e+03 4.8e+00 3.24e-02  9e-03  3e-02 1:47.8
   32    256 1.172684000056723e+03 5.5e+00 3.52e-02  8e-03  4e-02 2:03.0
   36    288 1.158714645179162e+03 6.1e+00 2.26e-02  4e-03  2e-02 2:18.2
   40    320 1.157818291912253e+03 5.7e+00 1.25e-02  2e-03  1e-02 2:33.5
   45    360 1.157367318169114e+03 6.0e+00 7.55e-03  1e-03  6e-03 2:52.5
   50    400 1.157449156959386e+03 7.8e+00 5.76e-03  6e-04  4e-03 3:11.5
   55    440 1.157115995333759e+03 8.0e+00 3.99e-03  4e-04  3e-03 3:30.6
   60    480 1.157110596871945e+03 7.8e+00 2.50e-03  2e-04  2e-03 3:49.6
   66    528 1.157092969282038e+03 1.0e+01 2.03e-03  2e-04  1e-03 4:12.4
   68    544 1.157090389255544e+03 1.0e+01 1.53e-03  1e-04  9e-04 4:20.0
CUBE 260.67043948173523
Threshold: 139.0
(3_w,6)-aCMA-ES (mu_w=2.0,w_1=63%) in dimension 2 (seed=1127411, Wed Feb 10 13:01:31 2021)
Iterat #Fevals   function value  axis ratio  sigma  min&max std  t[m:s]
    1      6 1.450235263364769e+03 1.0e+00 7.15e-01  6e-01  7e-01 0:09.5
    2     12 1.710314630346643e+03 1.1e+00 6.14e-01  5e-01  5e-01 0:18.9
    3     18 1.357673276971763e+03 1.1e+00 4.46e-01  3e-01  4e-01 0:28.3
    4     24 2.764961091606278e+03 1.2e+00 4.07e-01  2e-01  3e-01 0:37.8
    5     30 1.923298402342686e+03 1.4e+00 4.33e-01  2e-01  4e-01 0:47.3
    6     36 1.982531248502470e+03 1.7e+00 4.11e-01  2e-01  4e-01 0:56.7
    7     42 1.394003785357465e+03 2.1e+00 5.02e-01  2e-01  5e-01 1:06.2
    8     48 1.689886501333988e+03 2.8e+00 4.77e-01  2e-01  5e-01 1:15.6
    9     54 1.868466833182855e+03 3.6e+00 4.49e-01  1e-01  5e-01 1:25.0
   10     60 1.817042913488294e+03 3.8e+00 4.51e-01  1e-01  5e-01 1:34.4
   12     72 1.380239735328686e+03 3.6e+00 3.84e-01  1e-01  4e-01 1:53.2
   14     84 1.357824969172989e+03 4.1e+00 4.32e-01  8e-02  6e-01 2:12.1
   16     96 1.337283539670452e+03 9.6e+00 3.11e-01  4e-02  4e-01 2:30.9
   18    108 1.330056949815180e+03 1.2e+01 3.03e-01  3e-02  4e-01 2:49.7
   20    120 1.345150401514837e+03 2.1e+01 2.26e-01  1e-02  3e-01 3:08.6
   22    132 1.335792175890433e+03 2.6e+01 1.58e-01  7e-03  2e-01 3:27.4
   24    144 1.329612684911516e+03 3.2e+01 1.45e-01  5e-03  2e-01 3:46.3
   26    156 1.322619172793420e+03 5.8e+01 1.84e-01  4e-03  3e-01 4:05.1
   28    168 1.317822034783932e+03 8.2e+01 1.67e-01  3e-03  2e-01 4:24.0
   31    186 1.296226289799106e+03 1.2e+02 3.13e-01  4e-03  7e-01 4:52.2
   34    204 1.215527632403241e+03 3.2e+02 9.44e-01  1e-02  3e+00 5:20.5
   37    222 1.073075273924968e+03 4.2e+02 2.45e+00  2e-02  8e+00 5:48.8
   40    240 9.812053552100094e+02 5.6e+02 3.71e+00  3e-02  1e+01 6:17.0
   43    258 9.785413500110617e+02 4.8e+02 2.26e+00  1e-02  5e+00 6:45.3
   46    276 9.800314006518819e+02 5.3e+02 1.34e+00  6e-03  2e+00 7:13.5
   49    294 9.756007739277483e+02 4.9e+02 1.62e+00  6e-03  3e+00 7:41.8
   52    312 9.756630147114870e+02 4.2e+02 8.82e-01  2e-03  9e-01 8:10.0
   55    330 9.754859516923368e+02 3.0e+02 6.22e-01  1e-03  5e-01 8:38.3
   58    348 9.754225278492523e+02 5.4e+02 3.21e-01  4e-04  2e-01 9:06.6
   62    372 9.754142492468412e+02 5.0e+02 1.28e-01  1e-04  6e-02 9:44.3
   66    396 9.754148595602891e+02 7.0e+02 9.66e-02  6e-05  3e-02 10:22.0
   70    420 9.754154228805382e+02 6.4e+02 5.40e-02  3e-05  1e-02 10:59.8
   74    444 9.754150295524648e+02 3.7e+02 4.87e-02  3e-05  8e-03 11:37.5
   78    468 9.754151603967823e+02 3.6e+02 4.35e-02  2e-05  6e-03 12:15.2
   82    492 9.754149996425123e+02 4.6e+02 4.08e-02  2e-05  6e-03 12:52.9
   86    516 9.754150409221243e+02 7.3e+02 2.77e-02  7e-06  3e-03 13:30.6
   90    540 9.754151347657948e+02 5.0e+02 7.69e-02  2e-05  9e-03 14:08.3
   94    564 9.754149414344872e+02 7.0e+02 3.44e-02  6e-06  3e-03 14:46.0
   97    582 9.754147470178021e+02 5.8e+02 2.92e-02  4e-06  2e-03 15:14.3
FIBRES 915.359968662262
Matrix params: [-0.03127419 -0.01189351  0.49999598  0.07685238  0.5       ]
Matrix CT ZNCC: 0.3566815334256545
Radii: 7.633629260599338 43.05136883650172
Fibres CT ZNCC: 0.7753259014511388
gvxrStatus:	Quit and destroy all the windows
gvxrStatus:	Destroy all the windows
gvxrStatus:	Destroy window 0(0x27ad280)
