gvxrStatus:	Create window 0
gvxrStatus:	Create window 
EGL version: 1.5
OpenGL version supported by this platform 4.5.0 NVIDIA 460.27.04
INIT RENDER
Use OpenGL 4.5.
RECONSTRUCTION: 12.159378051757812
Threshold: 139.0
(4_w,9)-aCMA-ES (mu_w=2.8,w_1=49%) in dimension 7 (seed=472196, Tue Feb  2 23:08:43 2021)
Iterat #Fevals   function value  axis ratio  sigma  min&max std  t[m:s]
    1      9 3.121421643483608e-01 1.0e+00 8.53e-01  8e-01  9e-01 0:14.7
    2     18 3.082680156017605e-01 1.3e+00 8.64e-01  8e-01  1e+00 0:29.4
    3     27 3.199246382184606e-01 1.5e+00 9.07e-01  8e-01  1e+00 0:44.1
    4     36 3.133142384297420e-01 1.7e+00 8.59e-01  8e-01  1e+00 0:58.9
    5     45 2.928741514651513e-01 1.8e+00 8.06e-01  7e-01  1e+00 1:13.5
    6     54 3.137458154129915e-01 1.8e+00 8.29e-01  7e-01  1e+00 1:28.3
    7     63 3.122411747024428e-01 1.8e+00 7.59e-01  6e-01  9e-01 1:43.0
    8     72 3.327622014717757e-01 1.9e+00 7.41e-01  6e-01  9e-01 1:57.7
    9     81 3.633015983710114e-01 2.0e+00 7.97e-01  5e-01  1e+00 2:12.4
   10     90 3.042649510350803e-01 2.4e+00 8.43e-01  5e-01  1e+00 2:27.2
   11     99 2.923583092342744e-01 2.6e+00 8.22e-01  5e-01  1e+00 2:41.9
   12    108 2.902703151964105e-01 2.7e+00 7.59e-01  5e-01  1e+00 2:56.6
   13    117 3.074897190073599e-01 2.9e+00 7.08e-01  5e-01  9e-01 3:11.3
   14    126 3.062474461053961e-01 2.8e+00 7.05e-01  5e-01  9e-01 3:26.1
   15    135 3.069957128409176e-01 2.9e+00 7.61e-01  5e-01  1e+00 3:40.8
   17    153 3.046163179346587e-01 3.2e+00 6.38e-01  4e-01  8e-01 4:10.2
   19    171 3.047944802358930e-01 3.5e+00 6.17e-01  3e-01  8e-01 4:39.7
   21    189 3.029941842643504e-01 3.9e+00 6.73e-01  3e-01  9e-01 5:09.1
   23    207 3.070029842520337e-01 3.8e+00 6.55e-01  3e-01  1e+00 5:38.6
   25    225 3.090305113399878e-01 4.5e+00 6.61e-01  2e-01  9e-01 6:08.0
   27    243 3.099197521858681e-01 4.8e+00 5.59e-01  2e-01  8e-01 6:37.5
   29    261 3.060774948701092e-01 6.1e+00 4.44e-01  1e-01  6e-01 7:06.9
   31    279 3.022649156994680e-01 6.3e+00 3.28e-01  9e-02  5e-01 7:36.4
   33    297 3.006930744737975e-01 6.3e+00 3.53e-01  9e-02  5e-01 8:05.9
   35    315 3.011640170124196e-01 6.2e+00 4.51e-01  1e-01  6e-01 8:35.3
   37    333 2.987220384395545e-01 8.1e+00 6.63e-01  1e-01  1e+00 9:04.8
   39    351 2.966037165669755e-01 9.2e+00 1.08e+00  2e-01  2e+00 9:34.3
   41    369 2.929971419170140e-01 9.5e+00 1.25e+00  2e-01  2e+00 10:03.7
   43    387 2.901545173752750e-01 1.1e+01 1.37e+00  2e-01  2e+00 10:33.2
   45    405 2.890967850567610e-01 1.3e+01 1.24e+00  2e-01  2e+00 11:02.8
   48    432 2.834334417137305e-01 1.5e+01 1.24e+00  1e-01  2e+00 11:47.1
   51    459 2.806946088392611e-01 1.8e+01 1.34e+00  1e-01  2e+00 12:31.3
   54    486 2.718658703982757e-01 2.3e+01 1.73e+00  1e-01  3e+00 13:15.6
   57    513 2.651342678433610e-01 3.2e+01 2.93e+00  2e-01  6e+00 13:59.9
   60    540 2.633659812594294e-01 3.7e+01 4.90e+00  3e-01  9e+00 14:44.1
   63    567 2.650378659021337e-01 4.7e+01 5.08e+00  2e-01  9e+00 15:28.4
   66    594 2.635035064340107e-01 5.1e+01 4.83e+00  2e-01  8e+00 16:12.7
   69    621 2.605516351199711e-01 6.0e+01 4.00e+00  1e-01  7e+00 16:56.9
   72    648 2.638595368432615e-01 6.0e+01 4.63e+00  2e-01  8e+00 17:41.2
   75    675 2.628560325595217e-01 6.4e+01 6.43e+00  2e-01  1e+01 18:25.4
   78    702 2.621232104365649e-01 7.0e+01 5.63e+00  2e-01  9e+00 19:09.6
   81    729 2.668817217019160e-01 8.2e+01 5.25e+00  1e-01  9e+00 19:53.9
   84    756 2.635430718503992e-01 9.9e+01 5.15e+00  1e-01  1e+01 20:38.1
   87    783 2.611325827025248e-01 1.1e+02 4.59e+00  1e-01  9e+00 21:22.3
   90    810 2.646284283147012e-01 1.2e+02 5.86e+00  1e-01  1e+01 22:06.6
   94    846 2.624611457132980e-01 1.3e+02 5.52e+00  1e-01  1e+01 23:05.6
   98    882 2.620857264291354e-01 1.6e+02 5.34e+00  9e-02  1e+01 24:04.6
  100    900 2.627026881142048e-01 1.6e+02 4.82e+00  8e-02  9e+00 24:34.1
  104    936 2.627438941419581e-01 1.5e+02 5.85e+00  9e-02  1e+01 25:33.1
  108    972 2.636620895428047e-01 2.2e+02 8.40e+00  1e-01  2e+01 26:32.2
  112   1008 2.627624511632136e-01 2.3e+02 7.99e+00  1e-01  2e+01 27:31.3
  116   1044 2.632878165280844e-01 2.8e+02 6.56e+00  7e-02  1e+01 28:30.2
  120   1080 2.634425229371807e-01 3.6e+02 5.65e+00  5e-02  1e+01 29:29.3
  124   1116 2.607854586353859e-01 3.4e+02 5.84e+00  5e-02  1e+01 30:28.3
  128   1152 2.624440961953445e-01 3.4e+02 4.89e+00  4e-02  9e+00 31:27.3
  132   1188 2.596075174710643e-01 3.7e+02 3.73e+00  3e-02  6e+00 32:26.3
  136   1224 2.629984269772965e-01 3.3e+02 2.92e+00  2e-02  5e+00 33:25.4
  140   1260 2.612895427763234e-01 3.3e+02 2.75e+00  2e-02  4e+00 34:24.5
  144   1296 2.613294257739575e-01 3.5e+02 3.28e+00  3e-02  6e+00 35:23.7
  148   1332 2.623259662270570e-01 3.6e+02 2.14e+00  2e-02  4e+00 36:22.7
  153   1377 2.628038892474136e-01 3.6e+02 1.87e+00  2e-02  3e+00 37:36.7
  158   1422 2.612167640721481e-01 3.9e+02 1.87e+00  2e-02  4e+00 38:50.4
  163   1467 2.614115156393768e-01 4.7e+02 1.55e+00  1e-02  3e+00 40:04.3
  168   1512 2.603235234361584e-01 6.0e+02 1.59e+00  1e-02  3e+00 41:18.1
  173   1557 2.592484530438302e-01 7.6e+02 1.81e+00  1e-02  5e+00 42:32.0
  178   1602 2.620558426246148e-01 8.1e+02 1.41e+00  1e-02  4e+00 43:45.9
  183   1647 2.588434116061636e-01 7.9e+02 1.23e+00  8e-03  3e+00 44:59.7
  188   1692 2.592019072654970e-01 9.1e+02 1.49e+00  9e-03  4e+00 46:13.6
  193   1737 2.624244112410089e-01 9.4e+02 1.43e+00  1e-02  4e+00 47:27.4
  198   1782 2.610732334426583e-01 7.8e+02 1.21e+00  8e-03  3e+00 48:41.3
  200   1800 2.617349500191963e-01 7.6e+02 1.04e+00  7e-03  2e+00 49:10.9
  205   1845 2.610489366996808e-01 7.9e+02 9.83e-01  6e-03  2e+00 50:24.8
  210   1890 2.595661397574127e-01 7.7e+02 1.03e+00  6e-03  2e+00 51:38.6
  215   1935 2.617281926874401e-01 8.5e+02 1.05e+00  6e-03  2e+00 52:52.5
  221   1989 2.609920741079977e-01 9.5e+02 9.77e-01  5e-03  2e+00 54:21.1
  227   2043 2.594644841777110e-01 1.1e+03 6.70e-01  3e-03  1e+00 55:49.8
  233   2097 2.616741522503241e-01 1.1e+03 7.24e-01  3e-03  1e+00 57:18.4
  239   2151 2.595036357005098e-01 1.1e+03 6.64e-01  3e-03  1e+00 58:47.0
  245   2205 2.607894459531883e-01 1.0e+03 5.11e-01  3e-03  1e+00 60:15.7
  251   2259 2.614010257534684e-01 1.1e+03 4.73e-01  2e-03  8e-01 61:44.4
  257   2313 2.606293151131248e-01 8.1e+02 4.00e-01  2e-03  6e-01 63:13.0
  263   2367 2.619659431165225e-01 8.0e+02 5.23e-01  2e-03  7e-01 64:41.6
  269   2421 2.601921386049498e-01 8.7e+02 4.96e-01  2e-03  6e-01 66:10.3
  275   2475 2.597452316330644e-01 6.0e+02 3.99e-01  1e-03  3e-01 67:39.0
  281   2529 2.588508628535554e-01 4.8e+02 3.04e-01  9e-04  2e-01 69:07.6
  287   2583 2.593186453993666e-01 3.6e+02 3.11e-01  9e-04  2e-01 70:36.4
  293   2637 2.589084707363820e-01 3.2e+02 2.05e-01  6e-04  9e-02 72:05.1
  299   2691 2.585812175403768e-01 2.9e+02 1.21e-01  3e-04  5e-02 73:33.8
  300   2700 2.585072229052320e-01 2.9e+02 1.27e-01  3e-04  5e-02 73:48.5
  307   2763 2.583188383394334e-01 2.6e+02 9.75e-02  3e-04  4e-02 75:32.0
  314   2826 2.582828892795530e-01 2.2e+02 9.68e-02  2e-04  3e-02 77:15.5
  321   2889 2.582477332626137e-01 1.7e+02 6.14e-02  1e-04  2e-02 78:59.0
  323   2907 2.582354298488798e-01 1.7e+02 5.30e-02  1e-04  1e-02 79:28.5
FIBRES 4772.383674621582
Matrix params: [-0.01810880375201185, -0.1200316353457267, -0.37493205198096424, 0.4775692340328626, 0.4999292344216982]
Radii: 93.45388434039671 98.4581097459039
Fibres CT ZNCC: 0.3817671978232954
gvxrStatus:	Quit and destroy all the windows
gvxrStatus:	Destroy all the windows
gvxrStatus:	Destroy window 0(0x2380de0)
