gvxrStatus:	Create window 0
gvxrStatus:	Create window 
EGL version: 1.5
OpenGL version supported by this platform 4.5.0 NVIDIA 460.27.04
INIT RENDER
Use OpenGL 4.5.
RECONSTRUCTION: 12.348602771759033
(4_w,8)-aCMA-ES (mu_w=2.6,w_1=52%) in dimension 5 (seed=1107614, Wed Feb 10 14:05:26 2021)
Iterat #Fevals   function value  axis ratio  sigma  min&max std  t[m:s]
    1      8 3.855752931057602e+03 1.0e+00 5.70e-01  6e-01  6e-01 0:05.3
    2     16 3.405769886229798e+03 1.2e+00 6.42e-01  6e-01  7e-01 0:09.6
    3     24 3.013488837400876e+03 1.3e+00 6.72e-01  6e-01  7e-01 0:13.8
    4     32 3.052964170334903e+03 1.4e+00 7.47e-01  6e-01  8e-01 0:18.1
    5     40 3.460417716664702e+03 1.5e+00 8.37e-01  7e-01  1e+00 0:22.4
    7     56 2.682794493662707e+03 2.0e+00 9.92e-01  7e-01  1e+00 0:30.9
    9     72 3.404281297458724e+03 2.5e+00 8.46e-01  6e-01  1e+00 0:39.5
   11     88 3.433608888391137e+03 2.5e+00 7.72e-01  5e-01  1e+00 0:48.0
   13    104 4.720856469054595e+03 2.6e+00 8.39e-01  5e-01  1e+00 0:56.5
   16    128 3.542270037508879e+03 2.9e+00 8.58e-01  5e-01  1e+00 1:09.3
   19    152 2.949806999908103e+03 3.6e+00 1.01e+00  5e-01  1e+00 1:22.1
   22    176 2.067122353129617e+03 4.6e+00 1.33e+00  7e-01  2e+00 1:35.0
   25    200 3.488147622486290e+03 4.5e+00 1.33e+00  6e-01  2e+00 1:47.9
   29    232 3.708335119680884e+03 6.0e+00 1.26e+00  5e-01  2e+00 2:04.9
   33    264 2.439958333413239e+03 6.8e+00 1.81e+00  6e-01  3e+00 2:21.9
   37    296 2.649683844342439e+03 7.8e+00 1.42e+00  5e-01  2e+00 2:39.0
   41    328 3.943165853637323e+03 8.4e+00 1.84e+00  5e-01  3e+00 2:56.0
   45    360 2.591236228372192e+03 8.2e+00 1.28e+00  3e-01  2e+00 3:13.0
   50    400 2.499030050574167e+03 7.5e+00 9.41e-01  2e-01  1e+00 3:34.3
   55    440 2.450313005109235e+03 1.0e+01 7.32e-01  1e-01  8e-01 3:55.7
   60    480 3.856994029732984e+03 1.1e+01 8.63e-01  2e-01  1e+00 4:17.0
   65    520 4.241172748600800e+03 1.4e+01 6.87e-01  1e-01  8e-01 4:38.3
   71    568 2.097203167038709e+03 1.5e+01 5.66e-01  1e-01  6e-01 5:04.0
   77    616 1.822137207016946e+03 1.0e+01 3.92e-01  7e-02  3e-01 5:29.6
   83    664 1.913181738441775e+03 9.5e+00 2.40e-01  4e-02  2e-01 5:55.3
   89    712 1.190750649702527e+03 7.3e+00 2.56e-01  4e-02  2e-01 6:21.1
   96    768 1.237238444895960e+03 7.1e+00 1.74e-01  2e-02  1e-01 6:51.0
  100    800 1.251682232774266e+03 5.2e+00 1.37e-01  2e-02  6e-02 7:08.2
  107    856 1.065900854867594e+03 5.0e+00 8.94e-02  1e-02  3e-02 7:38.1
  114    912 9.824964991873843e+02 3.7e+00 9.91e-02  1e-02  3e-02 8:08.6
  121    968 9.510407880204526e+02 5.0e+00 1.14e-01  8e-03  4e-02 8:38.6
  129   1032 9.177564485832349e+02 5.8e+00 6.84e-02  5e-03  2e-02 9:12.8
  137   1096 9.144654048080824e+02 6.4e+00 3.20e-02  2e-03  9e-03 9:47.2
  145   1160 9.135799188173992e+02 5.4e+00 1.24e-02  6e-04  3e-03 10:21.4
  152   1216 9.135822646628245e+02 5.7e+00 5.35e-03  2e-04  9e-04 10:51.3
CUBE 652.5283660888672
Threshold: 139.0
(3_w,6)-aCMA-ES (mu_w=2.0,w_1=63%) in dimension 2 (seed=1048736, Wed Feb 10 14:16:32 2021)
Iterat #Fevals   function value  axis ratio  sigma  min&max std  t[m:s]
    1      6 5.087075655436648e+03 1.0e+00 1.03e+00  9e-01  1e+00 0:10.4
    2     12 2.515227726023615e+03 1.4e+00 8.58e-01  7e-01  9e-01 0:20.8
    3     18 1.160577281195096e+03 1.3e+00 7.30e-01  5e-01  7e-01 0:31.1
    4     24 1.552436968078091e+03 1.5e+00 5.36e-01  3e-01  5e-01 0:41.4
    5     30 1.158927362827168e+03 1.6e+00 3.88e-01  2e-01  3e-01 0:51.7
    6     36 1.430174662709996e+03 1.6e+00 2.92e-01  1e-01  2e-01 1:02.1
    7     42 1.568907618704964e+03 1.4e+00 2.30e-01  8e-02  2e-01 1:12.4
    8     48 1.365948742870659e+03 1.9e+00 1.91e-01  6e-02  1e-01 1:22.7
    9     54 1.149627098240380e+03 2.3e+00 2.29e-01  7e-02  2e-01 1:33.1
   10     60 1.159014336753807e+03 2.6e+00 2.10e-01  6e-02  2e-01 1:43.4
   11     66 1.192546195805961e+03 3.3e+00 2.00e-01  5e-02  2e-01 1:53.8
   13     78 1.227514349199512e+03 4.9e+00 1.60e-01  3e-02  1e-01 2:14.5
   15     90 1.146231958365505e+03 4.6e+00 9.89e-02  1e-02  6e-02 2:35.3
   17    102 1.133355512579831e+03 8.0e+00 2.01e-01  2e-02  2e-01 2:56.0
   19    114 1.155263449172693e+03 1.0e+01 1.67e-01  1e-02  2e-01 3:16.7
   21    126 1.140195064026642e+03 1.8e+01 1.46e-01  7e-03  2e-01 3:37.6
   23    138 1.136318466433998e+03 2.3e+01 9.05e-02  3e-03  9e-02 3:58.4
   25    150 1.130435703096412e+03 4.2e+01 1.37e-01  4e-03  2e-01 4:19.1
   27    162 1.127158236214590e+03 4.9e+01 1.12e-01  3e-03  1e-01 4:39.9
   29    174 1.123958617447938e+03 4.4e+01 1.01e-01  2e-03  1e-01 5:00.8
   31    186 1.118924408132588e+03 7.6e+01 1.40e-01  2e-03  2e-01 5:21.5
   34    204 1.093145063277291e+03 1.1e+02 3.57e-01  5e-03  6e-01 5:52.7
   37    222 1.047992613664673e+03 2.2e+02 6.83e-01  6e-03  1e+00 6:23.8
   40    240 9.148776171889380e+02 5.3e+02 1.96e+00  2e-02  5e+00 6:55.0
   43    258 7.366759633751146e+02 3.7e+02 3.02e+00  2e-02  7e+00 7:26.1
   46    276 6.288582460545093e+02 4.5e+02 3.74e+00  2e-02  7e+00 7:57.3
   49    294 6.388979002645965e+02 4.1e+02 3.15e+00  1e-02  5e+00 8:28.5
   52    312 6.274088623684972e+02 3.6e+02 2.12e+00  7e-03  2e+00 8:59.6
   55    330 6.276281166600020e+02 4.4e+02 1.35e+00  3e-03  1e+00 9:30.7
   58    348 6.272471953997483e+02 3.9e+02 1.38e+00  3e-03  9e-01 10:01.9
   61    366 6.272569066953200e+02 2.3e+02 1.16e+00  3e-03  5e-01 10:33.0
   64    384 6.266922869861628e+02 2.4e+02 7.47e-01  1e-03  3e-01 11:04.2
   68    408 6.266383387797471e+02 3.3e+02 4.98e-01  6e-04  2e-01 11:45.9
   72    432 6.266452188021098e+02 2.4e+02 3.48e-01  4e-04  9e-02 12:27.8
   76    456 6.266176406574951e+02 5.0e+02 2.76e-01  2e-04  9e-02 13:09.4
   80    480 6.266150396686299e+02 5.0e+02 1.24e-01  6e-05  2e-02 13:50.9
   84    504 6.266147612261452e+02 6.3e+02 8.05e-02  3e-05  1e-02 14:32.6
   88    528 6.266142795636034e+02 4.9e+02 4.05e-02  9e-06  4e-03 15:14.0
   92    552 6.266143837395487e+02 4.6e+02 2.73e-02  5e-06  2e-03 15:55.7
   96    576 6.266142163272928e+02 5.2e+02 2.42e-02  4e-06  1e-03 16:37.3
   98    588 6.266143164356715e+02 4.0e+02 2.14e-02  4e-06  1e-03 16:58.0
FIBRES 1018.9815242290497
Matrix params: [-0.03333632 -0.01199848 -0.24824606  0.23734539  0.14299782]
Matrix CT ZNCC: 0.40029449346106827
Radii: 7.4200900417496145 44.628325140140674
Fibres CT ZNCC: 0.8001523229137617
gvxrStatus:	Quit and destroy all the windows
gvxrStatus:	Destroy all the windows
gvxrStatus:	Destroy window 0(0x2200110)
