gvxrStatus:	Create window 0
gvxrStatus:	Create window 
EGL version: 1.5
OpenGL version supported by this platform 4.5.0 NVIDIA 460.27.04
INIT RENDER
Use OpenGL 4.5.
RECONSTRUCTION: 13.670356750488281
(4_w,8)-aCMA-ES (mu_w=2.6,w_1=52%) in dimension 5 (seed=1108322, Wed Feb 10 14:07:50 2021)
Iterat #Fevals   function value  axis ratio  sigma  min&max std  t[m:s]
    1      8 4.243703968030647e+03 1.0e+00 5.00e-01  5e-01  5e-01 0:05.7
    2     16 2.778336606029235e+03 1.3e+00 5.10e-01  5e-01  6e-01 0:09.9
    3     24 4.139608036321568e+03 1.4e+00 4.27e-01  4e-01  5e-01 0:14.2
    4     32 2.756635436619788e+03 1.5e+00 3.60e-01  3e-01  4e-01 0:18.4
    5     40 2.368907392195797e+03 1.7e+00 3.31e-01  3e-01  4e-01 0:22.7
    7     56 2.689230254678087e+03 1.8e+00 2.93e-01  2e-01  3e-01 0:31.4
    9     72 2.704623560928513e+03 1.9e+00 2.93e-01  2e-01  3e-01 0:39.9
   11     88 2.126619049571538e+03 2.0e+00 2.69e-01  2e-01  3e-01 0:48.4
   13    104 1.991437683620479e+03 2.1e+00 1.89e-01  1e-01  2e-01 0:57.0
   16    128 1.832331506672818e+03 2.7e+00 1.74e-01  1e-01  2e-01 1:09.9
   19    152 1.507506724524287e+03 3.2e+00 1.32e-01  6e-02  2e-01 1:22.8
   22    176 1.554462391866145e+03 3.6e+00 1.07e-01  5e-02  1e-01 1:35.6
   25    200 1.622543049331468e+03 3.7e+00 1.04e-01  4e-02  1e-01 1:48.6
   29    232 1.455693393750851e+03 4.1e+00 9.37e-02  3e-02  1e-01 2:05.7
   33    264 1.181466852326997e+03 3.7e+00 6.29e-02  2e-02  6e-02 2:23.2
   37    296 1.025643396121765e+03 2.6e+00 6.26e-02  2e-02  5e-02 2:40.4
   41    328 9.857956589609523e+02 3.4e+00 5.82e-02  2e-02  5e-02 2:57.7
   45    360 9.430930794572918e+02 3.3e+00 4.35e-02  1e-02  3e-02 3:14.9
   50    400 9.323822824243792e+02 3.8e+00 2.94e-02  7e-03  2e-02 3:36.6
   55    440 9.230751727169124e+02 3.6e+00 2.08e-02  5e-03  1e-02 3:58.1
   60    480 9.153304495768361e+02 3.8e+00 1.15e-02  2e-03  7e-03 4:19.8
   65    520 9.137824768156855e+02 4.4e+00 8.24e-03  1e-03  5e-03 4:41.4
   71    568 9.136564951230317e+02 5.5e+00 3.45e-03  5e-04  2e-03 5:07.5
   77    616 9.135604146683058e+02 6.2e+00 2.01e-03  2e-04  1e-03 5:33.2
   78    624 9.135615239317353e+02 5.7e+00 1.66e-03  2e-04  8e-04 5:37.5
CUBE 338.148074388504
Threshold: 139.0
(3_w,6)-aCMA-ES (mu_w=2.0,w_1=63%) in dimension 2 (seed=1094623, Wed Feb 10 14:13:43 2021)
Iterat #Fevals   function value  axis ratio  sigma  min&max std  t[m:s]
    1      6 1.936007309647766e+03 1.0e+00 1.06e+00  9e-01  1e+00 0:10.8
    2     12 2.041378570405981e+03 1.7e+00 1.56e+00  1e+00  2e+00 0:21.5
    3     18 1.350479650500200e+03 1.7e+00 1.41e+00  1e+00  2e+00 0:32.0
    4     24 2.298605315186304e+03 1.6e+00 1.87e+00  2e+00  2e+00 0:42.5
    5     30 2.503695708446660e+03 1.2e+00 1.85e+00  2e+00  2e+00 0:53.0
    6     36 2.293787740635184e+03 1.4e+00 1.64e+00  2e+00  2e+00 1:03.6
    7     42 1.473496109398152e+03 1.7e+00 1.47e+00  1e+00  2e+00 1:14.5
    8     48 1.048093897148105e+03 1.4e+00 1.56e+00  1e+00  2e+00 1:25.5
    9     54 2.227148671513014e+03 1.7e+00 1.60e+00  1e+00  2e+00 1:36.1
   10     60 2.048005001108309e+03 1.8e+00 2.12e+00  2e+00  2e+00 1:46.6
   11     66 1.123426561181126e+03 1.0e+00 1.54e+00  1e+00  2e+00 1:57.4
   13     78 1.022896336984003e+03 1.4e+00 1.56e+00  1e+00  2e+00 2:18.4
   15     90 1.178704132835228e+03 2.5e+00 2.74e+00  2e+00  4e+00 2:40.9
   17    102 1.303034420118425e+03 2.5e+00 2.36e+00  2e+00  3e+00 3:02.8
   19    114 1.485207583907653e+03 2.5e+00 2.10e+00  2e+00  2e+00 3:24.6
   21    126 1.227001565839136e+03 4.2e+00 1.90e+00  2e+00  2e+00 3:46.7
   23    138 1.073939461098425e+03 4.8e+00 1.48e+00  1e+00  2e+00 4:08.5
   25    150 1.037314505085038e+03 3.5e+00 1.82e+00  1e+00  2e+00 4:30.2
   27    162 9.520809805957458e+02 2.8e+00 1.78e+00  1e+00  1e+00 4:51.9
   29    174 1.414401003520878e+03 2.8e+00 2.16e+00  2e+00  2e+00 5:13.4
   31    186 9.905074487883078e+02 3.5e+00 1.45e+00  1e+00  1e+00 5:35.1
   33    198 1.684679134326341e+03 4.6e+00 1.76e+00  9e-01  1e+00 5:56.9
   35    210 1.078363750244416e+03 3.1e+00 1.65e+00  6e-01  1e+00 6:19.1
   38    228 1.119063963330470e+03 4.4e+00 8.14e-01  2e-01  5e-01 6:52.4
   41    246 1.398920605804589e+03 6.1e+00 6.67e-01  1e-01  4e-01 7:25.2
   44    264 1.088250640085009e+03 5.4e+00 8.27e-01  1e-01  4e-01 7:58.4
   47    282 1.090886792966319e+03 5.3e+00 5.64e-01  6e-02  3e-01 8:31.6
   50    300 1.088479660248632e+03 7.4e+00 4.48e-01  3e-02  2e-01 9:04.4
   53    318 1.080251319747425e+03 1.0e+01 3.89e-01  1e-02  2e-01 9:36.9
   56    336 1.077649620764059e+03 1.7e+01 2.83e-01  6e-03  1e-01 10:09.4
   59    354 1.074638195010288e+03 3.2e+01 2.15e-01  3e-03  9e-02 10:41.8
   62    372 1.064785781371002e+03 3.2e+01 4.26e-01  6e-03  2e-01 11:14.8
   65    390 1.041410908510130e+03 6.5e+01 9.48e-01  8e-03  6e-01 11:47.9
   68    408 9.911928787575011e+02 1.2e+02 1.26e+00  7e-03  1e+00 12:21.2
   72    432 9.034408464580546e+02 1.6e+02 2.38e+00  1e-02  2e+00 13:05.4
   76    456 6.381382501670950e+02 2.6e+02 8.90e+00  4e-02  1e+01 13:49.6
   80    480 6.502185124719302e+02 2.4e+02 7.83e+00  3e-02  7e+00 14:32.9
   84    504 6.302234973351231e+02 4.2e+02 5.04e+00  1e-02  4e+00 15:16.2
   88    528 6.283164150560842e+02 3.2e+02 2.69e+00  5e-03  1e+00 15:59.8
   92    552 6.286407482333454e+02 5.1e+02 1.36e+00  1e-03  5e-01 16:44.3
   96    576 6.282911212999716e+02 5.1e+02 1.19e+00  8e-04  4e-01 17:28.4
  100    600 6.282871145539864e+02 4.4e+02 7.40e-01  4e-04  2e-01 18:12.1
  104    624 6.282821219557703e+02 4.6e+02 3.11e-01  1e-04  4e-02 18:56.6
  108    648 6.282826279290460e+02 3.5e+02 2.06e-01  6e-05  2e-02 19:40.4
  113    678 6.282819940009731e+02 3.4e+02 1.18e-01  2e-05  8e-03 20:35.2
  118    708 6.282817241840182e+02 3.4e+02 1.24e-01  2e-05  7e-03 21:31.4
  123    738 6.282817780054734e+02 6.1e+02 6.14e-02  1e-05  3e-03 22:26.1
  128    768 6.282818640108765e+02 1.4e+03 4.03e-02  7e-06  2e-03 23:21.3
  129    774 6.282817050501376e+02 1.6e+03 3.34e-02  6e-06  2e-03 23:32.0
FIBRES 1413.51305270195
Matrix params: [-0.03239921 -0.01173682  0.25147202  0.2369153   0.14298849]
Matrix CT ZNCC: 0.3996660627299172
Radii: 7.420092139979479 44.55155102005527
Fibres CT ZNCC: 0.799723510721075
gvxrStatus:	Quit and destroy all the windows
gvxrStatus:	Destroy all the windows
gvxrStatus:	Destroy window 0(0x2ee7110)
