gvxrStatus:	Create window 0
gvxrStatus:	Create window 
EGL version: 1.5
OpenGL version supported by this platform 4.5.0 NVIDIA 460.27.04
INIT RENDER
Use OpenGL 4.5.
RECONSTRUCTION: 11.22278881072998
Threshold: 139.0
(4_w,9)-aCMA-ES (mu_w=2.8,w_1=49%) in dimension 7 (seed=481307, Wed Feb  3 20:37:29 2021)
Iterat #Fevals   function value  axis ratio  sigma  min&max std  t[m:s]
    1      9 3.181189198769978e-01 1.0e+00 8.38e-01  8e-01  8e-01 0:14.4
    2     18 3.158196189290322e-01 1.1e+00 7.53e-01  7e-01  8e-01 0:28.8
    3     27 2.915526581347876e-01 1.2e+00 7.39e-01  7e-01  8e-01 0:43.3
    4     36 3.203710821302532e-01 1.3e+00 7.65e-01  7e-01  8e-01 0:57.7
    5     45 3.186949600264453e-01 1.4e+00 8.61e-01  8e-01  1e+00 1:12.1
    6     54 3.068702029326082e-01 1.5e+00 1.03e+00  9e-01  1e+00 1:26.5
    7     63 3.110315256531305e-01 1.6e+00 1.18e+00  1e+00  1e+00 1:41.0
    8     72 3.203178580368709e-01 1.9e+00 1.20e+00  1e+00  1e+00 1:55.4
    9     81 2.838197958734959e-01 1.8e+00 1.22e+00  1e+00  1e+00 2:09.8
   10     90 3.047262601481678e-01 1.8e+00 1.32e+00  1e+00  2e+00 2:24.3
   11     99 3.013776096023792e-01 2.0e+00 1.38e+00  1e+00  2e+00 2:38.7
   12    108 3.293030504312908e-01 1.9e+00 1.41e+00  1e+00  2e+00 2:53.1
   13    117 3.023554679560329e-01 1.9e+00 1.41e+00  1e+00  2e+00 3:07.5
   14    126 3.439285894821776e-01 2.0e+00 1.28e+00  1e+00  2e+00 3:22.0
   15    135 2.888317663444163e-01 2.1e+00 1.21e+00  1e+00  2e+00 3:36.5
   17    153 2.924513300068083e-01 2.0e+00 1.20e+00  1e+00  2e+00 4:05.5
   19    171 3.217192779492106e-01 2.5e+00 1.05e+00  8e-01  1e+00 4:34.5
   21    189 2.681876970945989e-01 2.6e+00 9.30e-01  7e-01  1e+00 5:03.5
   23    207 3.297826527548217e-01 2.9e+00 9.30e-01  7e-01  1e+00 5:32.5
   25    225 2.960020588539123e-01 3.2e+00 8.81e-01  6e-01  1e+00 6:01.5
   27    243 3.038785725659526e-01 3.4e+00 9.06e-01  6e-01  1e+00 6:30.5
   29    261 3.064126871932127e-01 3.5e+00 8.99e-01  5e-01  1e+00 6:59.5
   31    279 2.988859870252212e-01 3.8e+00 8.60e-01  5e-01  1e+00 7:28.5
   33    297 3.008725174067809e-01 4.5e+00 1.31e+00  6e-01  2e+00 7:57.5
   35    315 2.761050357286112e-01 5.0e+00 1.69e+00  7e-01  3e+00 8:26.4
   37    333 2.766811954511120e-01 5.7e+00 1.57e+00  6e-01  3e+00 8:55.2
   39    351 2.612274302858570e-01 6.6e+00 1.65e+00  6e-01  3e+00 9:24.2
   41    369 3.042999077694887e-01 6.5e+00 2.11e+00  7e-01  4e+00 9:53.0
   43    387 2.669178925208736e-01 7.0e+00 2.13e+00  7e-01  4e+00 10:22.1
   45    405 2.737255569423383e-01 7.4e+00 2.18e+00  6e-01  4e+00 10:51.3
   48    432 2.539136582194790e-01 8.6e+00 2.78e+00  8e-01  5e+00 11:34.8
   51    459 2.628992759597786e-01 8.0e+00 2.86e+00  8e-01  5e+00 12:18.9
   54    486 2.652794543542410e-01 7.0e+00 2.79e+00  9e-01  5e+00 13:02.2
   57    513 2.703189004792567e-01 7.6e+00 3.01e+00  8e-01  5e+00 13:45.8
   60    540 2.600618155189018e-01 8.3e+00 3.26e+00  9e-01  5e+00 14:29.4
   63    567 3.155360641306164e-01 8.1e+00 3.44e+00  1e+00  6e+00 15:12.9
   66    594 2.223857218033811e-01 7.9e+00 3.65e+00  1e+00  5e+00 15:56.5
   69    621 2.635240083415980e-01 8.1e+00 2.93e+00  9e-01  4e+00 16:40.1
   72    648 2.367425067155701e-01 7.7e+00 2.69e+00  9e-01  4e+00 17:23.7
   75    675 3.236168650426883e-01 7.4e+00 2.42e+00  8e-01  3e+00 18:07.3
   78    702 2.667067739692899e-01 7.4e+00 2.20e+00  8e-01  3e+00 18:50.8
   81    729 2.673224582976542e-01 7.7e+00 2.03e+00  8e-01  3e+00 19:34.3
   84    756 2.263058784982736e-01 7.9e+00 1.99e+00  8e-01  2e+00 20:17.8
   87    783 2.309573978823830e-01 7.2e+00 2.09e+00  9e-01  2e+00 21:01.2
   91    819 2.757207663721432e-01 9.1e+00 2.64e+00  1e+00  4e+00 21:59.3
   95    855 2.747907076917987e-01 9.8e+00 2.07e+00  7e-01  3e+00 22:57.4
   99    891 2.817895477155661e-01 9.4e+00 1.41e+00  4e-01  2e+00 23:55.3
  100    900 2.861008254317066e-01 9.9e+00 1.52e+00  4e-01  2e+00 24:09.8
  104    936 2.707180223765636e-01 1.1e+01 1.64e+00  4e-01  2e+00 25:07.8
  108    972 2.670183222466398e-01 1.6e+01 2.31e+00  4e-01  4e+00 26:05.7
  112   1008 2.682102735839358e-01 1.6e+01 1.70e+00  3e-01  3e+00 27:03.8
  116   1044 2.697192187988225e-01 1.9e+01 1.20e+00  2e-01  2e+00 28:01.9
  120   1080 2.624979999332208e-01 2.5e+01 1.15e+00  1e-01  2e+00 28:60.0
  124   1116 2.639339651244894e-01 2.8e+01 1.18e+00  1e-01  2e+00 29:58.1
  128   1152 2.609013415347543e-01 3.1e+01 1.52e+00  1e-01  2e+00 30:56.2
  132   1188 2.623348339557139e-01 3.6e+01 1.74e+00  9e-02  3e+00 31:54.2
  136   1224 2.634843190911001e-01 4.3e+01 1.46e+00  6e-02  2e+00 32:52.4
  140   1260 2.630184057311636e-01 5.0e+01 1.44e+00  6e-02  2e+00 33:50.5
  144   1296 2.599429243502603e-01 5.0e+01 1.03e+00  4e-02  1e+00 34:48.6
  149   1341 2.598846397614651e-01 5.1e+01 7.16e-01  2e-02  1e+00 36:01.2
  154   1386 2.602658882770416e-01 5.4e+01 4.35e-01  1e-02  6e-01 37:13.9
  159   1431 2.602517904361454e-01 5.1e+01 3.52e-01  1e-02  5e-01 38:26.3
  164   1476 2.595377925947474e-01 5.6e+01 2.71e-01  9e-03  4e-01 39:39.0
  169   1521 2.591965353175698e-01 6.5e+01 2.29e-01  8e-03  3e-01 40:51.7
  174   1566 2.598623209978663e-01 6.1e+01 2.34e-01  8e-03  3e-01 42:04.3
  179   1611 2.591860686255579e-01 6.6e+01 2.26e-01  7e-03  3e-01 43:17.1
  184   1656 2.592296641135777e-01 5.0e+01 2.12e-01  7e-03  2e-01 44:29.8
  189   1701 2.588403894985418e-01 4.1e+01 1.84e-01  6e-03  2e-01 45:42.4
  194   1746 2.588623706954423e-01 3.4e+01 1.62e-01  5e-03  1e-01 46:54.9
  199   1791 2.587752611251974e-01 2.9e+01 1.02e-01  3e-03  6e-02 48:07.6
  200   1800 2.587887440255850e-01 2.8e+01 8.86e-02  3e-03  5e-02 48:22.1
  205   1845 2.586769677233603e-01 2.6e+01 6.01e-02  2e-03  3e-02 49:34.5
  209   1881 2.587058001073945e-01 3.1e+01 6.90e-02  2e-03  4e-02 50:32.4
FIBRES 3034.587874174118
Matrix params: [-0.19231058539045032, -0.28253183615924504, -0.4573002306486326, -0.26035375358396573, -0.2724352640668952]
Radii: 3.963988090753398 100.70062890215384
Fibres CT ZNCC: 0.6679639550435889
gvxrStatus:	Quit and destroy all the windows
gvxrStatus:	Destroy all the windows
gvxrStatus:	Destroy window 0(0x1e9a7f0)
