gvxrStatus:	Create window 0
gvxrStatus:	Create window 
EGL version: 1.5
OpenGL version supported by this platform 4.5.0 NVIDIA 460.27.04
INIT RENDER
Use OpenGL 4.5.
RECONSTRUCTION: 12.8934645652771
(4_w,8)-aCMA-ES (mu_w=2.6,w_1=52%) in dimension 5 (seed=845669, Wed Jan 27 17:43:07 2021)
Iterat #Fevals   function value  axis ratio  sigma  min&max std  t[m:s]
    1      8 8.249206801870163e-01 1.0e+00 5.05e-01  5e-01  5e-01 0:05.4
    2     16 6.454378526620527e-01 1.2e+00 4.32e-01  4e-01  4e-01 0:09.6
    3     24 6.456765313613246e-01 1.1e+00 4.13e-01  4e-01  4e-01 0:13.7
    4     32 7.136426893411399e-01 1.3e+00 3.87e-01  3e-01  4e-01 0:17.8
    5     40 8.980775882090155e-01 1.4e+00 3.89e-01  3e-01  4e-01 0:22.0
    7     56 7.010914377250372e-01 1.6e+00 4.27e-01  4e-01  5e-01 0:30.4
    9     72 7.684155527687061e-01 2.0e+00 5.01e-01  4e-01  6e-01 0:38.8
   11     88 7.017796447712535e-01 2.0e+00 4.12e-01  3e-01  5e-01 0:47.2
   13    104 6.969864288727103e-01 2.3e+00 3.68e-01  2e-01  4e-01 0:55.6
   16    128 6.670468183875986e-01 2.6e+00 3.45e-01  2e-01  5e-01 1:08.1
   19    152 5.955587725447649e-01 3.0e+00 2.74e-01  1e-01  3e-01 1:20.6
   22    176 3.787174615477490e-01 2.8e+00 2.23e-01  1e-01  2e-01 1:33.1
   25    200 4.391317602302292e-01 3.3e+00 1.71e-01  7e-02  2e-01 1:45.9
   29    232 3.048926347895096e-01 4.2e+00 1.43e-01  5e-02  2e-01 2:02.9
   33    264 2.880724917168000e-01 4.2e+00 1.06e-01  3e-02  1e-01 2:19.7
   37    296 2.914452557681826e-01 3.8e+00 6.45e-02  2e-02  6e-02 2:36.5
   41    328 2.877002695858297e-01 3.6e+00 4.31e-02  1e-02  3e-02 2:53.5
   45    360 2.830223623422621e-01 3.3e+00 2.74e-02  7e-03  2e-02 3:10.5
   50    400 2.827558392304566e-01 4.8e+00 1.80e-02  3e-03  1e-02 3:31.7
   55    440 2.825794759715749e-01 5.4e+00 1.28e-02  2e-03  9e-03 3:52.8
   60    480 2.823525936601138e-01 6.2e+00 8.64e-03  1e-03  6e-03 4:13.9
   65    520 2.823383670360490e-01 7.6e+00 6.20e-03  6e-04  4e-03 4:35.0
   71    568 2.823218110720692e-01 8.3e+00 4.42e-03  3e-04  3e-03 5:00.1
   75    600 2.823178909987995e-01 1.1e+01 2.81e-03  2e-04  2e-03 5:17.1
CUBE 331.75663113594055
Threshold: 139.0
(3_w,6)-aCMA-ES (mu_w=2.0,w_1=63%) in dimension 2 (seed=791583, Wed Jan 27 17:48:54 2021)
Iterat #Fevals   function value  axis ratio  sigma  min&max std  t[m:s]
    1      6 3.121222161134732e-01 1.0e+00 7.39e-01  7e-01  7e-01 0:10.7
    2     12 3.146372003241094e-01 1.1e+00 7.34e-01  7e-01  7e-01 0:21.3
    3     18 3.187371119337108e-01 1.3e+00 7.11e-01  6e-01  6e-01 0:31.9
    4     24 3.163569374299255e-01 1.1e+00 6.36e-01  4e-01  6e-01 0:42.4
    5     30 3.287546978814738e-01 1.3e+00 4.84e-01  3e-01  4e-01 0:52.9
    6     36 3.092992226292310e-01 1.3e+00 5.09e-01  3e-01  4e-01 1:03.5
    7     42 3.088747619452081e-01 1.2e+00 4.13e-01  2e-01  3e-01 1:14.1
    8     48 3.088880887756040e-01 1.5e+00 3.78e-01  2e-01  3e-01 1:24.6
    9     54 3.106036080154199e-01 1.7e+00 3.05e-01  1e-01  2e-01 1:35.2
   10     60 3.095945512628930e-01 2.1e+00 2.67e-01  8e-02  2e-01 1:45.7
   11     66 3.093911135786777e-01 2.4e+00 2.04e-01  5e-02  1e-01 1:56.2
   13     78 3.090276856309858e-01 2.5e+00 1.59e-01  3e-02  9e-02 2:17.5
   15     90 3.089651798869855e-01 3.4e+00 1.15e-01  2e-02  6e-02 2:38.7
   17    102 3.089357190666768e-01 4.2e+00 1.08e-01  1e-02  6e-02 2:59.7
   19    114 3.085263948847305e-01 5.9e+00 2.92e-01  3e-02  2e-01 3:20.9
   21    126 3.077078825656911e-01 7.4e+00 5.56e-01  5e-02  5e-01 3:42.2
   23    138 3.060159427240117e-01 1.2e+01 8.84e-01  6e-02  9e-01 4:03.4
   25    150 3.038274104435436e-01 1.9e+01 1.14e+00  7e-02  1e+00 4:24.6
   27    162 2.961684723196760e-01 3.1e+01 2.62e+00  1e-01  4e+00 4:45.9
   29    174 2.893520640196698e-01 3.3e+01 4.86e+00  2e-01  6e+00 5:07.1
   31    186 2.742567334257840e-01 4.2e+01 5.97e+00  2e-01  8e+00 5:28.2
   33    198 2.665821080677724e-01 4.3e+01 5.81e+00  2e-01  8e+00 5:49.4
   36    216 2.634896254820672e-01 5.4e+01 6.85e+00  2e-01  8e+00 6:21.4
   39    234 2.642454581157419e-01 4.0e+01 5.94e+00  1e-01  5e+00 6:53.1
   42    252 2.625533275588623e-01 4.2e+01 4.11e+00  6e-02  3e+00 7:25.1
   45    270 2.626821505379677e-01 3.0e+01 4.15e+00  8e-02  2e+00 7:56.9
   48    288 2.625320912246057e-01 2.1e+01 3.08e+00  4e-02  9e-01 8:28.8
   51    306 2.625037284086229e-01 2.0e+01 2.06e+00  3e-02  5e-01 9:00.0
   54    324 2.625103762513514e-01 1.9e+01 1.60e+00  2e-02  3e-01 9:31.7
   57    342 2.625107622862327e-01 3.2e+01 1.60e+00  2e-02  4e-01 10:03.5
   60    360 2.625227247152829e-01 3.8e+01 1.23e+00  1e-02  2e-01 10:34.7
   61    366 2.625160850393402e-01 4.0e+01 9.53e-01  7e-03  2e-01 10:45.4
FIBRES 651.1625909805298
Matrix params: [-0.03060924 -0.01274435 -0.49974323  0.13509096  0.49999654]
Matrix CT ZNCC: 0.3516368059196722
Radii: 93.72633572250803 102.90238504321051
Fibres CT ZNCC: 0.39054176702710236
gvxrStatus:	Quit and destroy all the windows
gvxrStatus:	Destroy all the windows
gvxrStatus:	Destroy window 0(0x1fea7d0)
