gvxrStatus:	Create window 0
gvxrStatus:	Create window 
EGL version: 1.5
OpenGL version supported by this platform 4.5.0 NVIDIA 450.51.05
INIT RENDER
Use OpenGL 4.5.
RECONSTRUCTION: 7.174243211746216
(4_w,8)-aCMA-ES (mu_w=2.6,w_1=52%) in dimension 5 (seed=391179, Tue Feb  2 16:22:34 2021)
Iterat #Fevals   function value  axis ratio  sigma  min&max std  t[m:s]
    1      8 1.009519249703062e+00 1.0e+00 4.63e-01  4e-01  5e-01 0:05.3
    2     16 8.351345188404892e-01 1.3e+00 5.35e-01  4e-01  6e-01 0:09.9
    3     24 6.753833938531550e-01 1.9e+00 6.57e-01  5e-01  8e-01 0:14.7
    4     32 7.326835322833184e-01 2.4e+00 6.93e-01  5e-01  8e-01 0:19.5
    5     40 9.894469075928495e-01 2.5e+00 7.28e-01  6e-01  9e-01 0:24.4
    7     56 7.925608133724370e-01 2.7e+00 6.21e-01  5e-01  7e-01 0:34.2
    9     72 8.880500335998436e-01 3.1e+00 5.80e-01  4e-01  7e-01 0:43.9
   11     88 8.677823668175628e-01 3.5e+00 5.73e-01  3e-01  7e-01 0:53.7
   13    104 6.543033490286838e-01 3.6e+00 7.53e-01  4e-01  1e+00 1:03.5
   15    120 8.579884359120815e-01 3.8e+00 6.14e-01  3e-01  8e-01 1:13.2
   18    144 9.025280755305555e-01 4.4e+00 4.36e-01  2e-01  5e-01 1:27.9
   21    168 7.152430758497839e-01 4.4e+00 4.03e-01  1e-01  4e-01 1:42.5
   24    192 2.569120462126918e-01 5.6e+00 3.18e-01  9e-02  3e-01 1:57.1
   27    216 4.466402856484106e-01 5.3e+00 2.03e-01  5e-02  2e-01 2:11.8
   30    240 4.648858552501295e-01 4.9e+00 1.39e-01  3e-02  1e-01 2:26.4
   34    272 3.974808314078001e-01 7.2e+00 1.64e-01  4e-02  2e-01 2:46.0
   38    304 3.517161789854968e-01 8.3e+00 1.54e-01  3e-02  2e-01 3:05.5
   42    336 3.026038556797150e-01 8.9e+00 1.23e-01  2e-02  2e-01 3:25.1
   46    368 3.054589549939767e-01 1.1e+01 7.41e-02  1e-02  1e-01 3:44.6
   50    400 2.864382593562876e-01 1.1e+01 5.23e-02  9e-03  6e-02 4:04.2
   55    440 2.819785048384161e-01 8.6e+00 3.92e-02  4e-03  3e-02 4:28.6
   60    480 2.608848596178546e-01 5.4e+00 4.31e-02  5e-03  2e-02 4:53.0
   65    520 2.603258884597716e-01 3.5e+00 5.18e-02  8e-03  2e-02 5:17.5
   70    560 2.346880814342223e-01 3.1e+00 4.86e-02  8e-03  2e-02 5:41.9
   75    600 2.230689540943515e-01 3.8e+00 3.85e-02  5e-03  2e-02 6:06.3
   81    648 2.016085137246131e-01 4.1e+00 6.75e-02  9e-03  3e-02 6:35.6
   87    696 1.858179667612468e-01 6.5e+00 4.91e-02  5e-03  3e-02 7:04.9
   93    744 1.866943975084961e-01 6.8e+00 2.86e-02  3e-03  1e-02 7:34.3
   99    792 1.841966461385834e-01 6.8e+00 1.98e-02  2e-03  8e-03 8:03.6
  100    800 1.843437040552400e-01 6.5e+00 1.58e-02  1e-03  7e-03 8:08.5
  107    856 1.840811923396448e-01 8.6e+00 8.91e-03  5e-04  3e-03 8:42.7
  114    912 1.840023578079161e-01 8.3e+00 5.44e-03  2e-04  2e-03 9:17.0
  119    952 1.839987474377677e-01 8.0e+00 3.43e-03  1e-04  8e-04 9:41.4
CUBE 581.4808835983276
Threshold: 139.0
(3_w,6)-aCMA-ES (mu_w=2.0,w_1=63%) in dimension 2 (seed=374596, Tue Feb  2 16:32:23 2021)
Iterat #Fevals   function value  axis ratio  sigma  min&max std  t[m:s]
    1      6 2.459688542198619e-01 1.0e+00 8.57e-01  8e-01  8e-01 0:09.9
    2     12 1.899552108415030e-01 1.1e+00 6.16e-01  5e-01  6e-01 0:19.6
    3     18 2.522557473981287e-01 1.2e+00 7.12e-01  5e-01  8e-01 0:29.3
    4     24 1.830893255672226e-01 1.9e+00 5.34e-01  3e-01  6e-01 0:39.1
    5     30 1.598521020637336e-01 2.3e+00 5.06e-01  2e-01  5e-01 0:48.8
    6     36 1.642705320938293e-01 2.4e+00 4.36e-01  2e-01  5e-01 0:58.5
    7     42 1.608463902467737e-01 2.7e+00 3.95e-01  1e-01  4e-01 1:08.2
    8     48 2.275813888120424e-01 2.9e+00 3.91e-01  1e-01  4e-01 1:18.0
    9     54 2.157694284508135e-01 2.8e+00 3.94e-01  1e-01  4e-01 1:27.7
   10     60 1.599147306154788e-01 3.1e+00 4.01e-01  1e-01  5e-01 1:37.4
   12     72 1.662929954806827e-01 7.5e+00 4.72e-01  8e-02  7e-01 1:56.9
   14     84 1.654668320814293e-01 8.7e+00 3.09e-01  4e-02  4e-01 2:16.3
   16     96 1.611261791016638e-01 1.3e+01 1.76e-01  2e-02  2e-01 2:35.7
   18    108 1.569103288352712e-01 1.1e+01 1.90e-01  1e-02  2e-01 2:55.2
   20    120 1.563651729826344e-01 2.0e+01 1.41e-01  7e-03  2e-01 3:14.6
   22    132 1.567220223921382e-01 3.5e+01 1.67e-01  7e-03  2e-01 3:34.1
   24    144 1.513775996661629e-01 5.4e+01 3.18e-01  9e-03  6e-01 3:53.5
   26    156 1.540588516467547e-01 6.7e+01 2.94e-01  7e-03  5e-01 4:13.0
   28    168 1.516706821646360e-01 7.8e+01 2.31e-01  5e-03  4e-01 4:32.4
   30    180 1.468041186664396e-01 9.1e+01 4.19e-01  7e-03  8e-01 4:51.9
   33    198 1.426882077843845e-01 1.1e+02 5.44e-01  7e-03  7e-01 5:21.0
   36    216 1.347059655807882e-01 1.1e+02 1.22e+00  1e-02  2e+00 5:50.2
   39    234 1.144754594670145e-01 1.6e+02 4.24e+00  3e-02  6e+00 6:19.5
   42    252 1.073911162634860e-01 2.6e+02 1.03e+01  8e-02  2e+01 6:49.1
   45    270 1.074875076494652e-01 2.2e+02 6.78e+00  5e-02  8e+00 7:18.7
   48    288 1.041481269497802e-01 3.2e+02 5.44e+00  3e-02  7e+00 7:48.3
   51    306 1.019803491629630e-01 3.8e+02 3.36e+00  2e-02  3e+00 8:18.0
   54    324 1.017679081992895e-01 4.2e+02 1.59e+00  5e-03  1e+00 8:47.5
   57    342 1.017705489658924e-01 4.5e+02 8.59e-01  2e-03  5e-01 9:17.1
   60    360 1.017626660450087e-01 4.7e+02 5.20e-01  1e-03  2e-01 9:46.7
   64    384 1.017610105926520e-01 4.0e+02 3.14e-01  4e-04  8e-02 10:26.2
   68    408 1.017614545911378e-01 4.3e+02 1.57e-01  2e-04  3e-02 11:05.7
   70    420 1.017610774664246e-01 4.3e+02 1.47e-01  1e-04  2e-02 11:25.4
FIBRES 685.5593433380127
Matrix params: [-0.03238304 -0.01171571  0.25231507  0.24146212  0.2274979 ]
Matrix CT ZNCC: 0.44011572779876174
Radii: 7.691828598199281 49.56244997356071
Fibres CT ZNCC: 0.826246956855733
gvxrStatus:	Quit and destroy all the windows
gvxrStatus:	Destroy all the windows
gvxrStatus:	Destroy window 0(0x558615e1aa30)
