gvxrStatus:	Create window 0
gvxrStatus:	Create window 
EGL version: 1.5
OpenGL version supported by this platform 4.5.0 NVIDIA 450.51.05
INIT RENDER
Use OpenGL 4.5.
RECONSTRUCTION: 7.147287845611572
(4_w,8)-aCMA-ES (mu_w=2.6,w_1=52%) in dimension 5 (seed=407347, Tue Feb  2 12:01:20 2021)
Iterat #Fevals   function value  axis ratio  sigma  min&max std  t[m:s]
    1      8 7.483660390852248e-01 1.0e+00 4.42e-01  4e-01  4e-01 0:05.3
    2     16 6.104305470218295e-01 1.2e+00 4.30e-01  4e-01  4e-01 0:09.9
    3     24 8.302273421677216e-01 1.2e+00 5.25e-01  5e-01  6e-01 0:14.7
    4     32 7.233076162191845e-01 1.6e+00 6.22e-01  6e-01  8e-01 0:19.6
    5     40 8.114633933880735e-01 2.1e+00 6.94e-01  6e-01  9e-01 0:24.5
    7     56 6.199684237624130e-01 2.3e+00 8.07e-01  7e-01  1e+00 0:34.4
    9     72 5.492963031068794e-01 3.0e+00 1.12e+00  1e+00  2e+00 0:44.2
   11     88 5.778536586928377e-01 4.5e+00 1.36e+00  1e+00  3e+00 0:54.0
   13    104 6.419931291673220e-01 5.2e+00 1.02e+00  8e-01  2e+00 1:03.8
   15    120 6.806280176441751e-01 5.0e+00 1.20e+00  1e+00  2e+00 1:13.6
   18    144 4.836180970958832e-01 5.9e+00 1.28e+00  1e+00  3e+00 1:28.3
   21    168 9.069996766017711e-01 6.3e+00 1.35e+00  1e+00  3e+00 1:43.0
   24    192 1.002153373054042e+00 5.3e+00 1.41e+00  1e+00  2e+00 1:57.7
   27    216 7.243663802108847e-01 7.2e+00 2.45e+00  2e+00  5e+00 2:12.4
   30    240 9.269901876797162e-01 8.2e+00 2.80e+00  3e+00  6e+00 2:27.1
   34    272 8.104260843951896e-01 9.5e+00 2.35e+00  2e+00  6e+00 2:46.7
   38    304 8.011151259663688e-01 8.7e+00 2.54e+00  2e+00  6e+00 3:06.3
   42    336 8.310974232119528e-01 8.2e+00 2.20e+00  2e+00  4e+00 3:25.9
   46    368 7.232048438847014e-01 8.0e+00 2.19e+00  2e+00  4e+00 3:45.6
   50    400 9.291495877408983e-01 7.0e+00 1.88e+00  1e+00  3e+00 4:05.3
   55    440 9.980694556175657e-01 6.2e+00 1.36e+00  9e-01  2e+00 4:29.9
   60    480 7.095935769211370e-01 8.4e+00 9.34e-01  5e-01  1e+00 4:54.5
   65    520 8.272613174799660e-01 9.9e+00 1.02e+00  6e-01  1e+00 5:19.1
   70    560 7.943016193690509e-01 1.1e+01 1.03e+00  6e-01  1e+00 5:43.7
   75    600 9.053455817647134e-01 1.0e+01 1.44e+00  7e-01  2e+00 6:08.4
   81    648 8.402523653325616e-01 1.4e+01 1.57e+00  8e-01  2e+00 6:37.9
   87    696 9.065342439332088e-01 1.9e+01 1.87e+00  7e-01  4e+00 7:07.4
   93    744 5.720627453059470e-01 1.8e+01 1.97e+00  6e-01  4e+00 7:37.0
   99    792 6.692124292120625e-01 2.0e+01 1.99e+00  5e-01  3e+00 8:06.6
  100    800 6.736881333532591e-01 2.2e+01 2.52e+00  7e-01  5e+00 8:11.5
  107    856 7.454566411875092e-01 2.6e+01 2.05e+00  5e-01  4e+00 8:45.9
  114    912 7.706625373915447e-01 3.4e+01 2.16e+00  5e-01  5e+00 9:20.4
  121    968 8.734184452709830e-01 3.4e+01 2.33e+00  5e-01  5e+00 9:54.9
  128   1024 6.270972605919647e-01 4.5e+01 2.12e+00  4e-01  5e+00 10:29.4
  135   1080 9.851683544345523e-01 7.9e+01 2.88e+00  7e-01  9e+00 11:03.9
  143   1144 1.005749288854492e+00 9.7e+01 2.09e+00  4e-01  6e+00 11:43.3
  151   1208 9.855678378826408e-01 7.2e+01 1.07e+00  1e-01  2e+00 12:22.7
  159   1272 8.337305664868816e-01 9.1e+01 1.28e+00  1e-01  3e+00 13:02.1
  167   1336 6.450897525911027e-01 9.0e+01 2.09e+00  2e-01  6e+00 13:41.5
  175   1400 7.359911429730652e-01 1.3e+02 1.83e+00  1e-01  5e+00 14:20.9
  184   1472 7.864252919404949e-01 1.0e+02 1.52e+00  8e-02  4e+00 15:05.3
  193   1544 5.904072183880155e-01 1.2e+02 1.29e+00  6e-02  4e+00 15:49.6
  200   1600 9.021446796400833e-01 1.3e+02 9.96e-01  4e-02  3e+00 16:24.1
  209   1672 6.337270141463894e-01 7.9e+01 9.13e-01  5e-02  2e+00 17:08.4
  218   1744 7.649256162517990e-01 4.5e+01 1.15e+00  5e-02  1e+00 17:52.7
  228   1824 6.237440121470939e-01 3.8e+01 9.21e-01  4e-02  6e-01 18:42.0
  238   1904 7.067868021673609e-01 4.2e+01 9.03e-01  3e-02  4e-01 19:31.3
  248   1984 6.313741270683448e-01 1.5e+01 1.21e+00  4e-02  2e-01 20:20.6
  258   2064 4.195607396624093e-01 8.1e+00 6.23e-01  2e-02  6e-02 21:10.0
  268   2144 3.569812753892883e-01 4.4e+00 6.64e-01  2e-02  4e-02 21:59.3
  279   2232 2.827808181243628e-01 2.5e+00 5.51e-01  1e-02  2e-02 22:53.7
  290   2320 2.249434186430436e-01 3.5e+00 5.20e-01  9e-03  3e-02 23:47.9
  300   2400 2.007275912273903e-01 4.3e+00 2.93e-01  4e-03  1e-02 24:37.3
  311   2488 1.869028846253690e-01 5.1e+00 3.56e-01  4e-03  1e-02 25:31.6
  322   2576 1.841662760077355e-01 6.2e+00 8.77e-02  6e-04  3e-03 26:25.9
  334   2672 1.840044517109596e-01 8.9e+00 4.09e-02  2e-04  1e-03 27:25.2
  338   2704 1.839970347503501e-01 9.0e+00 3.11e-02  2e-04  9e-04 27:45.0
CUBE 1665.1328852176666
Threshold: 139.0
(3_w,6)-aCMA-ES (mu_w=2.0,w_1=63%) in dimension 2 (seed=428814, Tue Feb  2 12:29:13 2021)
Iterat #Fevals   function value  axis ratio  sigma  min&max std  t[m:s]
    1      6 2.396097320113101e-01 1.0e+00 7.75e-01  7e-01  7e-01 0:10.1
    2     12 2.665810147352350e-01 1.1e+00 5.99e-01  5e-01  5e-01 0:20.0
    3     18 1.774118961721994e-01 1.1e+00 5.36e-01  4e-01  4e-01 0:30.0
    4     24 1.700717690281682e-01 1.4e+00 4.64e-01  3e-01  4e-01 0:39.9
    5     30 2.095390045494249e-01 1.4e+00 4.30e-01  2e-01  3e-01 0:49.9
    6     36 1.650735194939989e-01 1.6e+00 3.04e-01  1e-01  2e-01 0:59.8
    7     42 1.645556214215707e-01 1.8e+00 2.75e-01  1e-01  2e-01 1:09.7
    8     48 1.647540867953251e-01 1.9e+00 3.11e-01  1e-01  2e-01 1:19.7
    9     54 1.630900465415715e-01 2.2e+00 2.85e-01  9e-02  2e-01 1:29.6
   10     60 1.599164212494662e-01 2.5e+00 3.34e-01  9e-02  3e-01 1:39.5
   12     72 1.625124030874130e-01 5.1e+00 2.60e-01  5e-02  3e-01 1:59.4
   14     84 1.637187515508087e-01 5.1e+00 1.61e-01  2e-02  1e-01 2:19.3
   16     96 1.610651753468187e-01 6.7e+00 1.16e-01  1e-02  1e-01 2:39.2
   18    108 1.613079727376336e-01 1.1e+01 7.03e-02  5e-03  6e-02 2:59.0
   20    120 1.611177847421778e-01 1.3e+01 5.57e-02  3e-03  4e-02 3:19.0
   22    132 1.607157087655625e-01 1.6e+01 7.10e-02  3e-03  5e-02 3:38.8
   24    144 1.602404520704723e-01 2.2e+01 1.26e-01  5e-03  9e-02 3:58.7
   26    156 1.608200611464854e-01 2.0e+01 1.25e-01  4e-03  9e-02 4:18.6
   28    168 1.591133501785824e-01 4.0e+01 1.77e-01  4e-03  2e-01 4:38.5
   30    180 1.587162849521852e-01 5.2e+01 1.48e-01  3e-03  1e-01 4:58.4
   33    198 1.582092918226067e-01 5.0e+01 1.51e-01  3e-03  1e-01 5:28.3
   36    216 1.571556789681095e-01 3.9e+01 1.72e-01  3e-03  1e-01 5:58.1
   39    234 1.537664793217721e-01 3.5e+01 4.52e-01  9e-03  4e-01 6:27.9
   42    252 1.522498195264618e-01 5.4e+01 3.61e-01  5e-03  3e-01 6:57.7
   45    270 1.360476247224186e-01 7.6e+01 2.61e+00  3e-02  3e+00 7:27.6
   48    288 1.188761350302812e-01 1.1e+02 4.41e+00  4e-02  4e+00 7:57.4
   51    306 1.041566594511698e-01 1.3e+02 6.26e+00  4e-02  7e+00 8:27.2
   54    324 1.034589608761649e-01 2.3e+02 4.09e+00  2e-02  4e+00 8:57.1
   57    342 1.024197422462190e-01 4.0e+02 3.64e+00  2e-02  4e+00 9:26.9
   60    360 1.021822562528630e-01 4.6e+02 1.76e+00  6e-03  1e+00 9:56.7
   64    384 1.021258736608090e-01 4.4e+02 9.52e-01  2e-03  4e-01 10:36.4
   68    408 1.021062408452024e-01 4.9e+02 6.15e-01  9e-04  2e-01 11:16.2
   72    432 1.021039307904046e-01 4.4e+02 2.78e-01  3e-04  6e-02 11:56.0
   76    456 1.021035916113558e-01 3.1e+02 1.54e-01  1e-04  2e-02 12:35.7
FIBRES 755.8530626296997
Matrix params: [-0.03263698 -0.01147673  0.25229477  0.24105239  0.22780991]
Matrix CT ZNCC: 0.439914335513407
Radii: 7.710390940857884 49.47422244527873
Fibres CT ZNCC: 0.8259834854515274
gvxrStatus:	Quit and destroy all the windows
gvxrStatus:	Destroy all the windows
gvxrStatus:	Destroy window 0(0x557828842a30)
