gvxrStatus:	Create window 0
gvxrStatus:	Create window 
EGL version: 1.5
OpenGL version supported by this platform 4.5.0 NVIDIA 450.51.05
INIT RENDER
Use OpenGL 4.5.
RECONSTRUCTION: 7.182863712310791
(4_w,8)-aCMA-ES (mu_w=2.6,w_1=52%) in dimension 5 (seed=378213, Tue Feb  2 15:04:06 2021)
Iterat #Fevals   function value  axis ratio  sigma  min&max std  t[m:s]
    1      8 9.970571156704477e-01 1.0e+00 4.28e-01  4e-01  4e-01 0:05.3
    2     16 7.878288252655794e-01 1.2e+00 3.80e-01  3e-01  4e-01 0:09.9
    3     24 8.730977027559471e-01 1.3e+00 3.86e-01  3e-01  4e-01 0:14.6
    4     32 5.352106276714340e-01 1.4e+00 3.95e-01  3e-01  4e-01 0:19.5
    5     40 4.007997064583066e-01 1.6e+00 3.66e-01  3e-01  4e-01 0:24.4
    7     56 8.906649501552104e-01 1.9e+00 2.98e-01  2e-01  3e-01 0:34.1
    9     72 5.892139744658904e-01 2.2e+00 2.29e-01  2e-01  2e-01 0:43.9
   11     88 5.694053362465918e-01 2.2e+00 2.17e-01  1e-01  2e-01 0:53.7
   13    104 5.846041054299906e-01 2.2e+00 1.59e-01  9e-02  1e-01 1:03.4
   15    120 4.046407151534399e-01 2.3e+00 2.06e-01  1e-01  2e-01 1:13.2
   18    144 4.987355731118454e-01 3.7e+00 1.91e-01  8e-02  3e-01 1:27.8
   21    168 4.914113726282174e-01 4.0e+00 1.57e-01  6e-02  2e-01 1:42.4
   24    192 3.090452431803342e-01 4.2e+00 1.48e-01  5e-02  2e-01 1:57.1
   27    216 2.969286832005691e-01 4.8e+00 1.02e-01  3e-02  1e-01 2:11.7
   30    240 3.115718741591488e-01 4.2e+00 7.90e-02  2e-02  9e-02 2:26.3
   34    272 3.017742604164161e-01 3.8e+00 5.62e-02  2e-02  6e-02 2:45.9
   38    304 2.899701003731354e-01 4.2e+00 4.29e-02  1e-02  4e-02 3:05.4
   42    336 2.853264417396748e-01 4.5e+00 3.18e-02  7e-03  3e-02 3:24.9
   46    368 2.839355898976403e-01 5.4e+00 1.71e-02  3e-03  1e-02 3:44.4
   50    400 2.826191345806167e-01 6.7e+00 1.46e-02  2e-03  1e-02 4:04.0
   55    440 2.825274044986776e-01 6.7e+00 1.40e-02  2e-03  1e-02 4:28.4
   60    480 2.823422632827957e-01 6.5e+00 7.05e-03  9e-04  6e-03 4:52.8
   65    520 2.823179594462962e-01 7.6e+00 4.15e-03  5e-04  3e-03 5:17.2
   70    560 2.823109612942172e-01 8.4e+00 2.60e-03  2e-04  2e-03 5:41.6
   74    592 2.823110249948132e-01 1.1e+01 1.47e-03  1e-04  1e-03 6:01.2
CUBE 361.20553493499756
Threshold: 139.0
(3_w,6)-aCMA-ES (mu_w=2.0,w_1=63%) in dimension 2 (seed=361152, Tue Feb  2 15:10:15 2021)
Iterat #Fevals   function value  axis ratio  sigma  min&max std  t[m:s]
    1      6 3.129257326744045e-01 1.0e+00 9.09e-01  9e-01  9e-01 0:10.1
    2     12 3.166968892429516e-01 1.3e+00 7.47e-01  7e-01  7e-01 0:19.9
    3     18 3.150802843725621e-01 1.3e+00 6.17e-01  5e-01  5e-01 0:29.7
    4     24 3.090469131053989e-01 1.6e+00 6.46e-01  5e-01  6e-01 0:39.5
    5     30 3.118251443645214e-01 1.9e+00 6.39e-01  4e-01  6e-01 0:49.3
    6     36 3.102546682887724e-01 1.7e+00 5.11e-01  3e-01  4e-01 0:59.2
    7     42 3.119119532522698e-01 1.5e+00 5.78e-01  3e-01  5e-01 1:09.0
    8     48 3.102293712087275e-01 1.9e+00 4.21e-01  2e-01  4e-01 1:18.8
    9     54 3.099970374218551e-01 2.1e+00 3.91e-01  1e-01  3e-01 1:28.6
   10     60 3.098933444325673e-01 2.5e+00 4.36e-01  1e-01  4e-01 1:38.4
   12     72 3.101232472096460e-01 4.1e+00 4.25e-01  1e-01  4e-01 1:58.1
   14     84 3.076846254268740e-01 3.9e+00 3.66e-01  7e-02  3e-01 2:17.7
   16     96 3.074068173714891e-01 6.4e+00 3.57e-01  4e-02  4e-01 2:37.4
   18    108 3.058536750998859e-01 1.2e+01 4.94e-01  6e-02  6e-01 2:57.1
   20    120 3.035704525538384e-01 1.6e+01 6.92e-01  6e-02  1e+00 3:16.7
   22    132 2.982729756751109e-01 2.8e+01 1.07e+00  6e-02  2e+00 3:36.4
   24    144 2.904426178592804e-01 3.3e+01 1.49e+00  8e-02  4e+00 3:56.0
   26    156 2.681458625210722e-01 6.5e+01 4.04e+00  2e-01  1e+01 4:15.7
   28    168 2.772106020437617e-01 7.5e+01 3.42e+00  1e-01  1e+01 4:35.4
   30    180 2.624861145550449e-01 1.1e+02 6.29e+00  2e-01  2e+01 4:55.1
   33    198 2.673654175047852e-01 9.1e+01 5.62e+00  2e-01  1e+01 5:24.6
   36    216 2.630590548900978e-01 6.9e+01 4.54e+00  1e-01  8e+00 5:54.1
   39    234 2.624843980258970e-01 5.1e+01 3.55e+00  8e-02  6e+00 6:23.6
   42    252 2.626246467550917e-01 8.1e+01 2.48e+00  4e-02  4e+00 6:53.2
   45    270 2.624831088693121e-01 1.3e+02 1.36e+00  1e-02  2e+00 7:22.7
   48    288 2.624359949241701e-01 1.9e+02 8.23e-01  7e-03  1e+00 7:52.2
   51    306 2.624532283880491e-01 3.8e+02 1.09e+00  8e-03  2e+00 8:21.8
   54    324 2.624390243530952e-01 4.2e+02 7.34e-01  4e-03  8e-01 8:51.3
   57    342 2.624234448049938e-01 4.5e+02 5.47e-01  2e-03  5e-01 9:20.8
   60    360 2.624386933013745e-01 5.0e+02 5.16e-01  2e-03  5e-01 9:50.3
   64    384 2.624400847148186e-01 7.6e+02 7.55e-01  3e-03  8e-01 10:29.7
FIBRES 629.8156640529633
Matrix params: [-0.03042737 -0.01281671  0.49932381  0.13495079  0.49999999]
Matrix CT ZNCC: 0.3518528128735552
Radii: 93.67799457279158 104.96045316468097
Fibres CT ZNCC: 0.390680544457473
gvxrStatus:	Quit and destroy all the windows
gvxrStatus:	Destroy all the windows
gvxrStatus:	Destroy window 0(0x560bc631ba30)
