gvxrStatus:	Create window 0
gvxrStatus:	Create window 
EGL version: 1.5
OpenGL version supported by this platform 4.5.0 NVIDIA 460.27.04
INIT RENDER
Use OpenGL 4.5.
RECONSTRUCTION: 11.260843992233276
Threshold: 139.0
(4_w,9)-aCMA-ES (mu_w=2.8,w_1=49%) in dimension 7 (seed=371068, Tue Feb  2 18:48:09 2021)
Iterat #Fevals   function value  axis ratio  sigma  min&max std  t[m:s]
    1      9 3.107462144887352e-01 1.0e+00 8.51e-01  8e-01  9e-01 0:14.4
    2     18 3.379880694164426e-01 1.2e+00 7.68e-01  7e-01  8e-01 0:28.8
    3     27 3.346083815253373e-01 1.3e+00 6.94e-01  6e-01  7e-01 0:43.2
    4     36 3.163419454847078e-01 1.3e+00 6.30e-01  6e-01  6e-01 0:57.6
    5     45 3.147667681235126e-01 1.3e+00 6.00e-01  5e-01  6e-01 1:12.0
    6     54 3.153461922049208e-01 1.4e+00 5.86e-01  5e-01  6e-01 1:26.5
    7     63 3.205849919116062e-01 1.5e+00 5.78e-01  4e-01  6e-01 1:40.9
    8     72 3.109326411889481e-01 1.6e+00 5.51e-01  4e-01  6e-01 1:55.3
    9     81 3.129565060691100e-01 1.8e+00 5.13e-01  3e-01  6e-01 2:09.7
   10     90 3.150756574874534e-01 1.9e+00 5.20e-01  3e-01  6e-01 2:24.1
   11     99 3.141942649778905e-01 2.0e+00 4.79e-01  3e-01  6e-01 2:38.5
   12    108 3.126619790593574e-01 2.2e+00 4.46e-01  3e-01  5e-01 2:53.0
   13    117 3.113983054854982e-01 2.3e+00 3.81e-01  2e-01  4e-01 3:07.4
   14    126 3.131618692495923e-01 2.4e+00 3.49e-01  2e-01  4e-01 3:21.8
   15    135 3.115333929719384e-01 2.4e+00 3.48e-01  2e-01  4e-01 3:36.2
   17    153 3.119603948848386e-01 2.6e+00 2.82e-01  1e-01  3e-01 4:05.0
   19    171 3.123432530374008e-01 2.8e+00 2.59e-01  1e-01  3e-01 4:33.9
   21    189 3.102135955993824e-01 3.4e+00 3.37e-01  1e-01  4e-01 5:02.7
   23    207 3.091412801871865e-01 4.2e+00 3.94e-01  1e-01  5e-01 5:31.5
   25    225 3.069693085693113e-01 5.1e+00 4.30e-01  1e-01  7e-01 6:00.3
   27    243 3.037931395847968e-01 6.9e+00 5.55e-01  1e-01  1e+00 6:29.1
   29    261 3.002945115508054e-01 8.6e+00 6.82e-01  2e-01  1e+00 6:58.0
   31    279 2.962380413555337e-01 1.1e+01 7.96e-01  2e-01  2e+00 7:26.8
   33    297 2.803419670613101e-01 1.5e+01 1.15e+00  2e-01  3e+00 7:55.6
   35    315 2.786445460665782e-01 1.8e+01 1.30e+00  2e-01  4e+00 8:24.4
   37    333 2.700490269787630e-01 1.9e+01 1.37e+00  2e-01  4e+00 8:53.3
   39    351 2.622196564568658e-01 2.3e+01 1.48e+00  2e-01  5e+00 9:22.1
   41    369 2.642990250047960e-01 2.9e+01 1.66e+00  2e-01  6e+00 9:51.0
   43    387 2.628440718824723e-01 3.4e+01 1.63e+00  2e-01  6e+00 10:19.9
   46    414 2.632593695428101e-01 3.4e+01 1.42e+00  1e-01  4e+00 11:03.2
   49    441 2.603841593679926e-01 3.2e+01 1.43e+00  1e-01  4e+00 11:46.5
   52    468 2.600966448425867e-01 3.6e+01 1.53e+00  1e-01  4e+00 12:29.8
   55    495 2.628553460543179e-01 4.0e+01 1.29e+00  1e-01  3e+00 13:13.1
   58    522 2.634311202178621e-01 3.9e+01 1.25e+00  9e-02  3e+00 13:56.4
   61    549 2.633569970852137e-01 4.0e+01 1.20e+00  9e-02  3e+00 14:39.7
   64    576 2.625551065538876e-01 4.6e+01 8.13e-01  5e-02  2e+00 15:23.0
   67    603 2.615349365307467e-01 4.4e+01 7.74e-01  5e-02  1e+00 16:06.3
   70    630 2.630945575418145e-01 4.2e+01 8.70e-01  5e-02  1e+00 16:49.7
   73    657 2.583722090074171e-01 4.0e+01 7.78e-01  4e-02  1e+00 17:33.0
   76    684 2.613708742706376e-01 4.2e+01 6.80e-01  4e-02  1e+00 18:16.3
   79    711 2.614086374535852e-01 4.3e+01 7.52e-01  4e-02  1e+00 18:59.6
   82    738 2.617656735562716e-01 4.6e+01 6.32e-01  3e-02  1e+00 19:43.0
   85    765 2.613746263157819e-01 4.9e+01 6.15e-01  3e-02  9e-01 20:26.3
   88    792 2.612557407515448e-01 4.7e+01 5.87e-01  3e-02  8e-01 21:09.6
   92    828 2.593895710172237e-01 5.1e+01 5.48e-01  2e-02  7e-01 22:07.4
   96    864 2.594750858421365e-01 5.0e+01 3.91e-01  2e-02  5e-01 23:05.1
  100    900 2.592795105931177e-01 5.2e+01 2.74e-01  1e-02  3e-01 24:02.9
  104    936 2.586905080777529e-01 4.4e+01 2.93e-01  1e-02  3e-01 25:00.7
  108    972 2.599137094202719e-01 5.4e+01 4.03e-01  1e-02  5e-01 25:58.5
  112   1008 2.610411168794544e-01 5.3e+01 4.07e-01  1e-02  5e-01 26:56.3
  116   1044 2.591925390541283e-01 5.3e+01 3.59e-01  1e-02  5e-01 27:54.1
  120   1080 2.598321756818975e-01 5.1e+01 2.92e-01  1e-02  4e-01 28:51.9
  124   1116 2.611181858284831e-01 5.4e+01 3.15e-01  1e-02  4e-01 29:49.7
  128   1152 2.590427560133453e-01 5.5e+01 2.55e-01  1e-02  4e-01 30:47.5
  132   1188 2.596868635379945e-01 6.0e+01 2.81e-01  1e-02  4e-01 31:45.4
  136   1224 2.593864472530097e-01 6.1e+01 2.69e-01  1e-02  4e-01 32:43.2
  140   1260 2.592904240062004e-01 5.9e+01 2.90e-01  1e-02  4e-01 33:41.1
  144   1296 2.588746921004095e-01 5.4e+01 3.14e-01  1e-02  4e-01 34:39.0
  149   1341 2.586722515132795e-01 5.8e+01 2.43e-01  9e-03  3e-01 35:51.3
  154   1386 2.602884730794747e-01 6.1e+01 1.85e-01  7e-03  2e-01 37:03.6
  159   1431 2.585461912929548e-01 6.7e+01 1.79e-01  7e-03  2e-01 38:15.9
  164   1476 2.581116325809578e-01 5.1e+01 1.38e-01  5e-03  1e-01 39:28.2
  169   1521 2.582664527092143e-01 4.3e+01 9.31e-02  3e-03  7e-02 40:40.5
  174   1566 2.581334348512836e-01 4.0e+01 6.63e-02  2e-03  4e-02 41:52.8
  179   1611 2.580805930890196e-01 3.4e+01 5.03e-02  2e-03  3e-02 43:05.2
  184   1656 2.580720464228420e-01 4.1e+01 4.23e-02  1e-03  3e-02 44:17.8
  187   1683 2.580213973989953e-01 4.2e+01 4.33e-02  1e-03  3e-02 45:01.7
FIBRES 2714.315010070801
Matrix params: [-0.48221537164879597, 0.2075068294550313, -0.43940180604394685, 0.21489455733883556, -0.08736268193434915]
Radii: 93.50943115397489 100.98927196072411
Fibres CT ZNCC: 0.3875172624123133
gvxrStatus:	Quit and destroy all the windows
gvxrStatus:	Destroy all the windows
gvxrStatus:	Destroy window 0(0x2f50de0)
